{"meta": {"format": 3, "version": "7.11.0", "timestamp": "2025-11-20T19:03:53.922919", "branch_coverage": false, "show_contexts": false}, "files": {"vaulytica/__init__.py": {"executed_lines": [1, 3, 4, 5], "summary": {"covered_lines": 3, "num_statements": 3, "percent_covered": 100.0, "percent_covered_display": "100", "missing_lines": 0, "excluded_lines": 0}, "missing_lines": [], "excluded_lines": [], "functions": {"": {"executed_lines": [1, 3, 4, 5], "summary": {"covered_lines": 3, "num_statements": 3, "percent_covered": 100.0, "percent_covered_display": "100", "missing_lines": 0, "excluded_lines": 0}, "missing_lines": [], "excluded_lines": []}}, "classes": {"": {"executed_lines": [1, 3, 4, 5], "summary": {"covered_lines": 3, "num_statements": 3, "percent_covered": 100.0, "percent_covered_display": "100", "missing_lines": 0, "excluded_lines": 0}, "missing_lines": [], "excluded_lines": []}}}, "vaulytica/cli/__init__.py": {"executed_lines": [1], "summary": {"covered_lines": 0, "num_statements": 0, "percent_covered": 100.0, "percent_covered_display": "100", "missing_lines": 0, "excluded_lines": 0}, "missing_lines": [], "excluded_lines": [], "functions": {"": {"executed_lines": [1], "summary": {"covered_lines": 0, "num_statements": 0, "percent_covered": 100.0, "percent_covered_display": "100", "missing_lines": 0, "excluded_lines": 0}, "missing_lines": [], "excluded_lines": []}}, "classes": {"": {"executed_lines": [1], "summary": {"covered_lines": 0, "num_statements": 0, "percent_covered": 100.0, "percent_covered_display": "100", "missing_lines": 0, "excluded_lines": 0}, "missing_lines": [], "excluded_lines": []}}}, "vaulytica/cli/commands/__init__.py": {"executed_lines": [1], "summary": {"covered_lines": 0, "num_statements": 0, "percent_covered": 100.0, "percent_covered_display": "100", "missing_lines": 0, "excluded_lines": 0}, "missing_lines": [], "excluded_lines": [], "functions": {"": {"executed_lines": [1], "summary": {"covered_lines": 0, "num_statements": 0, "percent_covered": 100.0, "percent_covered_display": "100", "missing_lines": 0, "excluded_lines": 0}, "missing_lines": [], "excluded_lines": []}}, "classes": {"": {"executed_lines": [1], "summary": {"covered_lines": 0, "num_statements": 0, "percent_covered": 100.0, "percent_covered_display": "100", "missing_lines": 0, "excluded_lines": 0}, "missing_lines": [], "excluded_lines": []}}}, "vaulytica/cli/commands/backup.py": {"executed_lines": [1, 3, 4, 6, 7, 8, 9, 10, 12, 15, 16, 21, 22, 29, 34, 35, 93, 94, 101, 106, 107, 165, 166, 173, 178, 179, 237, 238, 245, 250, 251, 312, 313, 318, 319], "summary": {"covered_lines": 34, "num_statements": 142, "percent_covered": 23.943661971830984, "percent_covered_display": "24", "missing_lines": 108, "excluded_lines": 0}, "missing_lines": [18, 41, 42, 43, 45, 48, 49, 52, 55, 56, 59, 65, 66, 71, 74, 76, 79, 88, 89, 90, 113, 114, 115, 117, 120, 121, 124, 127, 128, 131, 137, 138, 143, 146, 148, 151, 160, 161, 162, 185, 186, 187, 189, 192, 193, 196, 199, 200, 203, 209, 210, 215, 218, 220, 223, 232, 233, 234, 257, 258, 259, 261, 264, 265, 268, 271, 272, 275, 281, 282, 287, 290, 292, 295, 296, 298, 307, 308, 309, 321, 322, 323, 325, 328, 329, 332, 335, 336, 339, 345, 347, 349, 350, 351, 354, 355, 356, 357, 358, 359, 360, 362, 363, 364, 373, 375, 376, 377], "excluded_lines": [], "functions": {"backup_group": {"executed_lines": [], "summary": {"covered_lines": 0, "num_statements": 1, "percent_covered": 0.0, "percent_covered_display": "0", "missing_lines": 1, "excluded_lines": 0}, "missing_lines": [18], "excluded_lines": []}, "backup_users": {"executed_lines": [], "summary": {"covered_lines": 0, "num_statements": 19, "percent_covered": 0.0, "percent_covered_display": "0", "missing_lines": 19, "excluded_lines": 0}, "missing_lines": [41, 42, 43, 45, 48, 49, 52, 55, 56, 59, 65, 66, 71, 74, 76, 79, 88, 89, 90], "excluded_lines": []}, "backup_groups": {"executed_lines": [], "summary": {"covered_lines": 0, "num_statements": 19, "percent_covered": 0.0, "percent_covered_display": "0", "missing_lines": 19, "excluded_lines": 0}, "missing_lines": [113, 114, 115, 117, 120, 121, 124, 127, 128, 131, 137, 138, 143, 146, 148, 151, 160, 161, 162], "excluded_lines": []}, "backup_org_units": {"executed_lines": [], "summary": {"covered_lines": 0, "num_statements": 19, "percent_covered": 0.0, "percent_covered_display": "0", "missing_lines": 19, "excluded_lines": 0}, "missing_lines": [185, 186, 187, 189, 192, 193, 196, 199, 200, 203, 209, 210, 215, 218, 220, 223, 232, 233, 234], "excluded_lines": []}, "backup_full": {"executed_lines": [], "summary": {"covered_lines": 0, "num_statements": 21, "percent_covered": 0.0, "percent_covered_display": "0", "missing_lines": 21, "excluded_lines": 0}, "missing_lines": [257, 258, 259, 261, 264, 265, 268, 271, 272, 275, 281, 282, 287, 290, 292, 295, 296, 298, 307, 308, 309], "excluded_lines": []}, "list_backups": {"executed_lines": [], "summary": {"covered_lines": 0, "num_statements": 29, "percent_covered": 0.0, "percent_covered_display": "0", "missing_lines": 29, "excluded_lines": 0}, "missing_lines": [321, 322, 323, 325, 328, 329, 332, 335, 336, 339, 345, 347, 349, 350, 351, 354, 355, 356, 357, 358, 359, 360, 362, 363, 364, 373, 375, 376, 377], "excluded_lines": []}, "": {"executed_lines": [1, 3, 4, 6, 7, 8, 9, 10, 12, 15, 16, 21, 22, 29, 34, 35, 93, 94, 101, 106, 107, 165, 166, 173, 178, 179, 237, 238, 245, 250, 251, 312, 313, 318, 319], "summary": {"covered_lines": 34, "num_statements": 34, "percent_covered": 100.0, "percent_covered_display": "100", "missing_lines": 0, "excluded_lines": 0}, "missing_lines": [], "excluded_lines": []}}, "classes": {"": {"executed_lines": [1, 3, 4, 6, 7, 8, 9, 10, 12, 15, 16, 21, 22, 29, 34, 35, 93, 94, 101, 106, 107, 165, 166, 173, 178, 179, 237, 238, 245, 250, 251, 312, 313, 318, 319], "summary": {"covered_lines": 34, "num_statements": 142, "percent_covered": 23.943661971830984, "percent_covered_display": "24", "missing_lines": 108, "excluded_lines": 0}, "missing_lines": [18, 41, 42, 43, 45, 48, 49, 52, 55, 56, 59, 65, 66, 71, 74, 76, 79, 88, 89, 90, 113, 114, 115, 117, 120, 121, 124, 127, 128, 131, 137, 138, 143, 146, 148, 151, 160, 161, 162, 185, 186, 187, 189, 192, 193, 196, 199, 200, 203, 209, 210, 215, 218, 220, 223, 232, 233, 234, 257, 258, 259, 261, 264, 265, 268, 271, 272, 275, 281, 282, 287, 290, 292, 295, 296, 298, 307, 308, 309, 321, 322, 323, 325, 328, 329, 332, 335, 336, 339, 345, 347, 349, 350, 351, 354, 355, 356, 357, 358, 359, 360, 362, 363, 364, 373, 375, 376, 377], "excluded_lines": []}}}, "vaulytica/cli/commands/bulk.py": {"executed_lines": [1, 3, 4, 6, 7, 8, 9, 10, 12, 15, 16, 17, 22, 23, 24, 25, 26, 139, 140, 141, 142, 143, 235, 236, 237, 238, 239], "summary": {"covered_lines": 26, "num_statements": 178, "percent_covered": 14.606741573033707, "percent_covered_display": "15", "missing_lines": 152, "excluded_lines": 0}, "missing_lines": [19, 32, 33, 34, 36, 39, 40, 41, 42, 43, 44, 45, 47, 48, 49, 51, 54, 55, 56, 57, 59, 60, 61, 67, 68, 70, 71, 73, 74, 75, 78, 79, 80, 83, 84, 85, 86, 87, 88, 91, 92, 93, 94, 95, 98, 100, 105, 106, 107, 108, 109, 110, 112, 121, 122, 123, 126, 127, 133, 134, 135, 136, 149, 150, 151, 153, 156, 157, 158, 159, 160, 161, 162, 164, 165, 166, 168, 171, 172, 174, 175, 177, 178, 179, 182, 183, 184, 187, 188, 189, 190, 191, 192, 195, 196, 197, 198, 199, 202, 204, 209, 210, 211, 212, 213, 214, 216, 217, 218, 219, 222, 223, 229, 230, 231, 232, 241, 242, 243, 245, 248, 249, 250, 251, 252, 253, 256, 257, 258, 259, 260, 263, 264, 265, 266, 267, 270, 272, 273, 274, 275, 278, 279, 281, 282, 283, 289, 290, 303, 305, 306, 307], "excluded_lines": [], "functions": {"bulk_group": {"executed_lines": [], "summary": {"covered_lines": 0, "num_statements": 1, "percent_covered": 0.0, "percent_covered_display": "0", "missing_lines": 1, "excluded_lines": 0}, "missing_lines": [19], "excluded_lines": []}, "bulk_create_users": {"executed_lines": [], "summary": {"covered_lines": 0, "num_statements": 61, "percent_covered": 0.0, "percent_covered_display": "0", "missing_lines": 61, "excluded_lines": 0}, "missing_lines": [32, 33, 34, 36, 39, 40, 41, 42, 43, 44, 45, 47, 48, 49, 51, 54, 55, 56, 57, 59, 60, 61, 67, 68, 70, 71, 73, 74, 75, 78, 79, 80, 83, 84, 85, 86, 87, 88, 91, 92, 93, 94, 95, 98, 100, 105, 106, 107, 108, 109, 110, 112, 121, 122, 123, 126, 127, 133, 134, 135, 136], "excluded_lines": []}, "bulk_suspend_users": {"executed_lines": [], "summary": {"covered_lines": 0, "num_statements": 54, "percent_covered": 0.0, "percent_covered_display": "0", "missing_lines": 54, "excluded_lines": 0}, "missing_lines": [149, 150, 151, 153, 156, 157, 158, 159, 160, 161, 162, 164, 165, 166, 168, 171, 172, 174, 175, 177, 178, 179, 182, 183, 184, 187, 188, 189, 190, 191, 192, 195, 196, 197, 198, 199, 202, 204, 209, 210, 211, 212, 213, 214, 216, 217, 218, 219, 222, 223, 229, 230, 231, 232], "excluded_lines": []}, "bulk_export_users": {"executed_lines": [], "summary": {"covered_lines": 0, "num_statements": 36, "percent_covered": 0.0, "percent_covered_display": "0", "missing_lines": 36, "excluded_lines": 0}, "missing_lines": [241, 242, 243, 245, 248, 249, 250, 251, 252, 253, 256, 257, 258, 259, 260, 263, 264, 265, 266, 267, 270, 272, 273, 274, 275, 278, 279, 281, 282, 283, 289, 290, 303, 305, 306, 307], "excluded_lines": []}, "": {"executed_lines": [1, 3, 4, 6, 7, 8, 9, 10, 12, 15, 16, 17, 22, 23, 24, 25, 26, 139, 140, 141, 142, 143, 235, 236, 237, 238, 239], "summary": {"covered_lines": 26, "num_statements": 26, "percent_covered": 100.0, "percent_covered_display": "100", "missing_lines": 0, "excluded_lines": 0}, "missing_lines": [], "excluded_lines": []}}, "classes": {"": {"executed_lines": [1, 3, 4, 6, 7, 8, 9, 10, 12, 15, 16, 17, 22, 23, 24, 25, 26, 139, 140, 141, 142, 143, 235, 236, 237, 238, 239], "summary": {"covered_lines": 26, "num_statements": 178, "percent_covered": 14.606741573033707, "percent_covered_display": "15", "missing_lines": 152, "excluded_lines": 0}, "missing_lines": [19, 32, 33, 34, 36, 39, 40, 41, 42, 43, 44, 45, 47, 48, 49, 51, 54, 55, 56, 57, 59, 60, 61, 67, 68, 70, 71, 73, 74, 75, 78, 79, 80, 83, 84, 85, 86, 87, 88, 91, 92, 93, 94, 95, 98, 100, 105, 106, 107, 108, 109, 110, 112, 121, 122, 123, 126, 127, 133, 134, 135, 136, 149, 150, 151, 153, 156, 157, 158, 159, 160, 161, 162, 164, 165, 166, 168, 171, 172, 174, 175, 177, 178, 179, 182, 183, 184, 187, 188, 189, 190, 191, 192, 195, 196, 197, 198, 199, 202, 204, 209, 210, 211, 212, 213, 214, 216, 217, 218, 219, 222, 223, 229, 230, 231, 232, 241, 242, 243, 245, 248, 249, 250, 251, 252, 253, 256, 257, 258, 259, 260, 263, 264, 265, 266, 267, 270, 272, 273, 274, 275, 278, 279, 281, 282, 283, 289, 290, 303, 305, 306, 307], "excluded_lines": []}}}, "vaulytica/cli/commands/chrome_enterprise.py": {"executed_lines": [1, 3, 4, 5, 7, 8, 9, 10, 11, 13, 14, 17, 22, 27, 30, 31, 36, 37, 42, 43, 50, 57, 63, 69, 73, 78, 83, 179, 180, 208, 209, 214, 215, 221, 227, 233, 238, 244, 249, 255, 330, 331, 367, 368, 373, 374, 380, 386, 392, 397, 402, 407, 486, 487, 488], "summary": {"covered_lines": 54, "num_statements": 188, "percent_covered": 28.72340425531915, "percent_covered_display": "29", "missing_lines": 134, "excluded_lines": 0}, "missing_lines": [33, 39, 101, 103, 108, 111, 112, 115, 117, 125, 139, 140, 141, 143, 144, 146, 147, 149, 152, 154, 155, 156, 157, 158, 159, 162, 163, 164, 165, 166, 168, 169, 171, 172, 174, 175, 176, 186, 187, 188, 189, 191, 202, 203, 205, 211, 273, 274, 277, 286, 287, 288, 289, 290, 291, 293, 294, 302, 304, 311, 312, 317, 319, 320, 321, 323, 325, 326, 327, 337, 338, 341, 342, 343, 344, 345, 346, 349, 350, 351, 352, 353, 354, 356, 357, 364, 370, 424, 425, 426, 429, 435, 447, 448, 449, 450, 451, 452, 453, 456, 457, 458, 459, 460, 461, 462, 465, 466, 467, 468, 469, 470, 473, 474, 475, 476, 477, 479, 481, 482, 483, 494, 495, 497, 498, 500, 502, 503, 504, 505, 507, 508, 509, 510], "excluded_lines": [], "functions": {"chrome_group": {"executed_lines": [], "summary": {"covered_lines": 0, "num_statements": 1, "percent_covered": 0.0, "percent_covered_display": "0", "missing_lines": 1, "excluded_lines": 0}, "missing_lines": [33], "excluded_lines": []}, "policy_group": {"executed_lines": [], "summary": {"covered_lines": 0, "num_statements": 1, "percent_covered": 0.0, "percent_covered_display": "0", "missing_lines": 1, "excluded_lines": 0}, "missing_lines": [39], "excluded_lines": []}, "create_policy": {"executed_lines": [], "summary": {"covered_lines": 0, "num_statements": 35, "percent_covered": 0.0, "percent_covered_display": "0", "missing_lines": 35, "excluded_lines": 0}, "missing_lines": [101, 103, 108, 111, 112, 115, 117, 125, 139, 140, 141, 143, 144, 146, 147, 149, 152, 154, 155, 156, 157, 158, 159, 162, 163, 164, 165, 166, 168, 169, 171, 172, 174, 175, 176], "excluded_lines": []}, "list_templates": {"executed_lines": [], "summary": {"covered_lines": 0, "num_statements": 8, "percent_covered": 0.0, "percent_covered_display": "0", "missing_lines": 8, "excluded_lines": 0}, "missing_lines": [186, 187, 188, 189, 191, 202, 203, 205], "excluded_lines": []}, "extensions_group": {"executed_lines": [], "summary": {"covered_lines": 0, "num_statements": 1, "percent_covered": 0.0, "percent_covered_display": "0", "missing_lines": 1, "excluded_lines": 0}, "missing_lines": [211], "excluded_lines": []}, "create_extension_allowlist": {"executed_lines": [], "summary": {"covered_lines": 0, "num_statements": 23, "percent_covered": 0.0, "percent_covered_display": "0", "missing_lines": 23, "excluded_lines": 0}, "missing_lines": [273, 274, 277, 286, 287, 288, 289, 290, 291, 293, 294, 302, 304, 311, 312, 317, 319, 320, 321, 323, 325, 326, 327], "excluded_lines": []}, "extension_catalog": {"executed_lines": [], "summary": {"covered_lines": 0, "num_statements": 17, "percent_covered": 0.0, "percent_covered_display": "0", "missing_lines": 17, "excluded_lines": 0}, "missing_lines": [337, 338, 341, 342, 343, 344, 345, 346, 349, 350, 351, 352, 353, 354, 356, 357, 364], "excluded_lines": []}, "security_group": {"executed_lines": [], "summary": {"covered_lines": 0, "num_statements": 1, "percent_covered": 0.0, "percent_covered_display": "0", "missing_lines": 1, "excluded_lines": 0}, "missing_lines": [370], "excluded_lines": []}, "create_security_profile": {"executed_lines": [], "summary": {"covered_lines": 0, "num_statements": 34, "percent_covered": 0.0, "percent_covered_display": "0", "missing_lines": 34, "excluded_lines": 0}, "missing_lines": [424, 425, 426, 429, 435, 447, 448, 449, 450, 451, 452, 453, 456, 457, 458, 459, 460, 461, 462, 465, 466, 467, 468, 469, 470, 473, 474, 475, 476, 477, 479, 481, 482, 483], "excluded_lines": []}, "analyze_url": {"executed_lines": [], "summary": {"covered_lines": 0, "num_statements": 13, "percent_covered": 0.0, "percent_covered_display": "0", "missing_lines": 13, "excluded_lines": 0}, "missing_lines": [494, 495, 497, 498, 500, 502, 503, 504, 505, 507, 508, 509, 510], "excluded_lines": []}, "": {"executed_lines": [1, 3, 4, 5, 7, 8, 9, 10, 11, 13, 14, 17, 22, 27, 30, 31, 36, 37, 42, 43, 50, 57, 63, 69, 73, 78, 83, 179, 180, 208, 209, 214, 215, 221, 227, 233, 238, 244, 249, 255, 330, 331, 367, 368, 373, 374, 380, 386, 392, 397, 402, 407, 486, 487, 488], "summary": {"covered_lines": 54, "num_statements": 54, "percent_covered": 100.0, "percent_covered_display": "100", "missing_lines": 0, "excluded_lines": 0}, "missing_lines": [], "excluded_lines": []}}, "classes": {"": {"executed_lines": [1, 3, 4, 5, 7, 8, 9, 10, 11, 13, 14, 17, 22, 27, 30, 31, 36, 37, 42, 43, 50, 57, 63, 69, 73, 78, 83, 179, 180, 208, 209, 214, 215, 221, 227, 233, 238, 244, 249, 255, 330, 331, 367, 368, 373, 374, 380, 386, 392, 397, 402, 407, 486, 487, 488], "summary": {"covered_lines": 54, "num_statements": 188, "percent_covered": 28.72340425531915, "percent_covered_display": "29", "missing_lines": 134, "excluded_lines": 0}, "missing_lines": [33, 39, 101, 103, 108, 111, 112, 115, 117, 125, 139, 140, 141, 143, 144, 146, 147, 149, 152, 154, 155, 156, 157, 158, 159, 162, 163, 164, 165, 166, 168, 169, 171, 172, 174, 175, 176, 186, 187, 188, 189, 191, 202, 203, 205, 211, 273, 274, 277, 286, 287, 288, 289, 290, 291, 293, 294, 302, 304, 311, 312, 317, 319, 320, 321, 323, 325, 326, 327, 337, 338, 341, 342, 343, 344, 345, 346, 349, 350, 351, 352, 353, 354, 356, 357, 364, 370, 424, 425, 426, 429, 435, 447, 448, 449, 450, 451, 452, 453, 456, 457, 458, 459, 460, 461, 462, 465, 466, 467, 468, 469, 470, 473, 474, 475, 476, 477, 479, 481, 482, 483, 494, 495, 497, 498, 500, 502, 503, 504, 505, 507, 508, 509, 510], "excluded_lines": []}}}, "vaulytica/cli/commands/compliance.py": {"executed_lines": [], "summary": {"covered_lines": 0, "num_statements": 237, "percent_covered": 0.0, "percent_covered_display": "0", "missing_lines": 237, "excluded_lines": 0}, "missing_lines": [3, 4, 5, 7, 8, 9, 10, 12, 15, 22, 23, 24, 25, 26, 28, 31, 32, 33, 34, 35, 36, 39, 40, 41, 42, 43, 45, 48, 49, 50, 51, 52, 55, 56, 57, 59, 61, 62, 63, 65, 68, 70, 71, 72, 73, 74, 76, 77, 78, 79, 80, 82, 83, 84, 85, 86, 88, 89, 90, 91, 92, 94, 95, 96, 97, 98, 100, 102, 103, 104, 105, 106, 109, 111, 112, 114, 121, 122, 123, 125, 126, 127, 128, 129, 131, 134, 135, 138, 140, 141, 143, 150, 151, 152, 154, 155, 156, 157, 158, 159, 161, 164, 165, 168, 170, 171, 173, 180, 181, 182, 184, 185, 186, 187, 188, 190, 193, 194, 197, 199, 201, 202, 203, 204, 205, 208, 209, 211, 212, 219, 226, 228, 229, 232, 234, 236, 260, 261, 263, 266, 268, 270, 295, 296, 298, 301, 303, 305, 329, 330, 332, 335, 337, 338, 340, 347, 348, 349, 351, 352, 353, 354, 356, 359, 360, 361, 362, 363, 364, 366, 367, 373, 375, 376, 379, 381, 405, 406, 408, 411, 413, 414, 416, 423, 424, 425, 427, 428, 429, 430, 431, 433, 436, 437, 438, 439, 440, 441, 443, 444, 450, 452, 453, 456, 458, 483, 484, 486, 489, 491, 492, 494, 502, 503, 504, 506, 507, 508, 509, 510, 512, 515, 516, 517, 518, 519, 520, 522, 523, 529, 531, 532, 535, 537, 563, 564, 566], "excluded_lines": [], "functions": {"compliance_report_command": {"executed_lines": [], "summary": {"covered_lines": 0, "num_statements": 63, "percent_covered": 0.0, "percent_covered_display": "0", "missing_lines": 63, "excluded_lines": 0}, "missing_lines": [22, 23, 24, 25, 26, 28, 31, 32, 33, 34, 35, 36, 39, 40, 41, 42, 43, 45, 48, 49, 50, 51, 52, 55, 56, 57, 59, 61, 62, 63, 65, 68, 70, 71, 72, 73, 74, 76, 77, 78, 79, 80, 82, 83, 84, 85, 86, 88, 89, 90, 91, 92, 94, 95, 96, 97, 98, 100, 102, 103, 104, 105, 106], "excluded_lines": []}, "_display_gdpr_report": {"executed_lines": [], "summary": {"covered_lines": 0, "num_statements": 14, "percent_covered": 0.0, "percent_covered_display": "0", "missing_lines": 14, "excluded_lines": 0}, "missing_lines": [111, 112, 114, 121, 122, 123, 125, 126, 127, 128, 129, 131, 134, 135], "excluded_lines": []}, "_display_hipaa_report": {"executed_lines": [], "summary": {"covered_lines": 0, "num_statements": 15, "percent_covered": 0.0, "percent_covered_display": "0", "missing_lines": 15, "excluded_lines": 0}, "missing_lines": [140, 141, 143, 150, 151, 152, 154, 155, 156, 157, 158, 159, 161, 164, 165], "excluded_lines": []}, "_display_soc2_report": {"executed_lines": [], "summary": {"covered_lines": 0, "num_statements": 14, "percent_covered": 0.0, "percent_covered_display": "0", "missing_lines": 14, "excluded_lines": 0}, "missing_lines": [170, 171, 173, 180, 181, 182, 184, 185, 186, 187, 188, 190, 193, 194], "excluded_lines": []}, "_display_issues": {"executed_lines": [], "summary": {"covered_lines": 0, "num_statements": 14, "percent_covered": 0.0, "percent_covered_display": "0", "missing_lines": 14, "excluded_lines": 0}, "missing_lines": [199, 201, 202, 203, 204, 205, 208, 209, 211, 212, 219, 226, 228, 229], "excluded_lines": []}, "_save_gdpr_report": {"executed_lines": [], "summary": {"covered_lines": 0, "num_statements": 5, "percent_covered": 0.0, "percent_covered_display": "0", "missing_lines": 5, "excluded_lines": 0}, "missing_lines": [234, 236, 260, 261, 263], "excluded_lines": []}, "_save_hipaa_report": {"executed_lines": [], "summary": {"covered_lines": 0, "num_statements": 5, "percent_covered": 0.0, "percent_covered_display": "0", "missing_lines": 5, "excluded_lines": 0}, "missing_lines": [268, 270, 295, 296, 298], "excluded_lines": []}, "_save_soc2_report": {"executed_lines": [], "summary": {"covered_lines": 0, "num_statements": 5, "percent_covered": 0.0, "percent_covered_display": "0", "missing_lines": 5, "excluded_lines": 0}, "missing_lines": [303, 305, 329, 330, 332], "excluded_lines": []}, "_display_pcidss_report": {"executed_lines": [], "summary": {"covered_lines": 0, "num_statements": 22, "percent_covered": 0.0, "percent_covered_display": "0", "missing_lines": 22, "excluded_lines": 0}, "missing_lines": [337, 338, 340, 347, 348, 349, 351, 352, 353, 354, 356, 359, 360, 361, 362, 363, 364, 366, 367, 373, 375, 376], "excluded_lines": []}, "_save_pcidss_report": {"executed_lines": [], "summary": {"covered_lines": 0, "num_statements": 4, "percent_covered": 0.0, "percent_covered_display": "0", "missing_lines": 4, "excluded_lines": 0}, "missing_lines": [381, 405, 406, 408], "excluded_lines": []}, "_display_ferpa_report": {"executed_lines": [], "summary": {"covered_lines": 0, "num_statements": 23, "percent_covered": 0.0, "percent_covered_display": "0", "missing_lines": 23, "excluded_lines": 0}, "missing_lines": [413, 414, 416, 423, 424, 425, 427, 428, 429, 430, 431, 433, 436, 437, 438, 439, 440, 441, 443, 444, 450, 452, 453], "excluded_lines": []}, "_save_ferpa_report": {"executed_lines": [], "summary": {"covered_lines": 0, "num_statements": 4, "percent_covered": 0.0, "percent_covered_display": "0", "missing_lines": 4, "excluded_lines": 0}, "missing_lines": [458, 483, 484, 486], "excluded_lines": []}, "_display_fedramp_report": {"executed_lines": [], "summary": {"covered_lines": 0, "num_statements": 23, "percent_covered": 0.0, "percent_covered_display": "0", "missing_lines": 23, "excluded_lines": 0}, "missing_lines": [491, 492, 494, 502, 503, 504, 506, 507, 508, 509, 510, 512, 515, 516, 517, 518, 519, 520, 522, 523, 529, 531, 532], "excluded_lines": []}, "_save_fedramp_report": {"executed_lines": [], "summary": {"covered_lines": 0, "num_statements": 4, "percent_covered": 0.0, "percent_covered_display": "0", "missing_lines": 4, "excluded_lines": 0}, "missing_lines": [537, 563, 564, 566], "excluded_lines": []}, "": {"executed_lines": [], "summary": {"covered_lines": 0, "num_statements": 22, "percent_covered": 0.0, "percent_covered_display": "0", "missing_lines": 22, "excluded_lines": 0}, "missing_lines": [3, 4, 5, 7, 8, 9, 10, 12, 15, 109, 138, 168, 197, 232, 266, 301, 335, 379, 411, 456, 489, 535], "excluded_lines": []}}, "classes": {"": {"executed_lines": [], "summary": {"covered_lines": 0, "num_statements": 237, "percent_covered": 0.0, "percent_covered_display": "0", "missing_lines": 237, "excluded_lines": 0}, "missing_lines": [3, 4, 5, 7, 8, 9, 10, 12, 15, 22, 23, 24, 25, 26, 28, 31, 32, 33, 34, 35, 36, 39, 40, 41, 42, 43, 45, 48, 49, 50, 51, 52, 55, 56, 57, 59, 61, 62, 63, 65, 68, 70, 71, 72, 73, 74, 76, 77, 78, 79, 80, 82, 83, 84, 85, 86, 88, 89, 90, 91, 92, 94, 95, 96, 97, 98, 100, 102, 103, 104, 105, 106, 109, 111, 112, 114, 121, 122, 123, 125, 126, 127, 128, 129, 131, 134, 135, 138, 140, 141, 143, 150, 151, 152, 154, 155, 156, 157, 158, 159, 161, 164, 165, 168, 170, 171, 173, 180, 181, 182, 184, 185, 186, 187, 188, 190, 193, 194, 197, 199, 201, 202, 203, 204, 205, 208, 209, 211, 212, 219, 226, 228, 229, 232, 234, 236, 260, 261, 263, 266, 268, 270, 295, 296, 298, 301, 303, 305, 329, 330, 332, 335, 337, 338, 340, 347, 348, 349, 351, 352, 353, 354, 356, 359, 360, 361, 362, 363, 364, 366, 367, 373, 375, 376, 379, 381, 405, 406, 408, 411, 413, 414, 416, 423, 424, 425, 427, 428, 429, 430, 431, 433, 436, 437, 438, 439, 440, 441, 443, 444, 450, 452, 453, 456, 458, 483, 484, 486, 489, 491, 492, 494, 502, 503, 504, 506, 507, 508, 509, 510, 512, 515, 516, 517, 518, 519, 520, 522, 523, 529, 531, 532, 535, 537, 563, 564, 566], "excluded_lines": []}}}, "vaulytica/cli/commands/config.py": {"executed_lines": [1, 3, 4, 5, 7, 10, 13, 14, 16, 18, 24, 25, 29], "summary": {"covered_lines": 12, "num_statements": 18, "percent_covered": 66.66666666666667, "percent_covered_display": "67", "missing_lines": 6, "excluded_lines": 0}, "missing_lines": [19, 21, 22, 30, 31, 32], "excluded_lines": [], "functions": {"config_command": {"executed_lines": [13, 14, 16, 18, 24, 25, 29], "summary": {"covered_lines": 7, "num_statements": 13, "percent_covered": 53.84615384615385, "percent_covered_display": "54", "missing_lines": 6, "excluded_lines": 0}, "missing_lines": [19, 21, 22, 30, 31, 32], "excluded_lines": []}, "": {"executed_lines": [1, 3, 4, 5, 7, 10], "summary": {"covered_lines": 5, "num_statements": 5, "percent_covered": 100.0, "percent_covered_display": "100", "missing_lines": 0, "excluded_lines": 0}, "missing_lines": [], "excluded_lines": []}}, "classes": {"": {"executed_lines": [1, 3, 4, 5, 7, 10, 13, 14, 16, 18, 24, 25, 29], "summary": {"covered_lines": 12, "num_statements": 18, "percent_covered": 66.66666666666667, "percent_covered_display": "67", "missing_lines": 6, "excluded_lines": 0}, "missing_lines": [19, 21, 22, 30, 31, 32], "excluded_lines": []}}}, "vaulytica/cli/commands/custom_pii.py": {"executed_lines": [1, 3, 4, 5, 6, 7, 8, 10, 12, 13, 16, 17, 22, 23, 28, 33, 38, 43, 100, 101, 107, 108, 109, 110, 116, 117, 153, 154, 160, 161, 162, 191, 192, 198, 199, 218, 219, 225, 226, 245, 246, 251, 252, 253, 287, 288, 289, 309, 310, 315], "summary": {"covered_lines": 49, "num_statements": 188, "percent_covered": 26.06382978723404, "percent_covered_display": "26", "missing_lines": 139, "excluded_lines": 0}, "missing_lines": [19, 45, 46, 47, 50, 51, 52, 53, 54, 55, 57, 58, 59, 62, 63, 64, 65, 66, 67, 69, 70, 71, 78, 86, 89, 90, 91, 92, 94, 95, 96, 97, 119, 120, 123, 124, 125, 126, 129, 137, 138, 139, 140, 141, 142, 144, 145, 147, 148, 149, 150, 164, 165, 167, 168, 169, 170, 172, 173, 174, 175, 177, 178, 179, 180, 182, 183, 185, 186, 187, 188, 201, 202, 204, 205, 206, 207, 209, 210, 212, 213, 214, 215, 228, 229, 231, 232, 233, 234, 236, 237, 239, 240, 241, 242, 255, 256, 258, 260, 261, 262, 263, 265, 266, 267, 268, 270, 273, 274, 275, 276, 277, 279, 281, 282, 283, 284, 291, 292, 293, 295, 296, 297, 299, 300, 301, 303, 304, 305, 306, 317, 318, 319, 321, 335, 337, 338, 339, 340], "excluded_lines": [], "functions": {"custom_pii_group": {"executed_lines": [], "summary": {"covered_lines": 0, "num_statements": 1, "percent_covered": 0.0, "percent_covered_display": "0", "missing_lines": 1, "excluded_lines": 0}, "missing_lines": [19], "excluded_lines": []}, "list_patterns_command": {"executed_lines": [], "summary": {"covered_lines": 0, "num_statements": 31, "percent_covered": 0.0, "percent_covered_display": "0", "missing_lines": 31, "excluded_lines": 0}, "missing_lines": [45, 46, 47, 50, 51, 52, 53, 54, 55, 57, 58, 59, 62, 63, 64, 65, 66, 67, 69, 70, 71, 78, 86, 89, 90, 91, 92, 94, 95, 96, 97], "excluded_lines": []}, "add_pattern_command": {"executed_lines": [], "summary": {"covered_lines": 0, "num_statements": 19, "percent_covered": 0.0, "percent_covered_display": "0", "missing_lines": 19, "excluded_lines": 0}, "missing_lines": [119, 120, 123, 124, 125, 126, 129, 137, 138, 139, 140, 141, 142, 144, 145, 147, 148, 149, 150], "excluded_lines": []}, "remove_pattern_command": {"executed_lines": [], "summary": {"covered_lines": 0, "num_statements": 20, "percent_covered": 0.0, "percent_covered_display": "0", "missing_lines": 20, "excluded_lines": 0}, "missing_lines": [164, 165, 167, 168, 169, 170, 172, 173, 174, 175, 177, 178, 179, 180, 182, 183, 185, 186, 187, 188], "excluded_lines": []}, "enable_pattern_command": {"executed_lines": [], "summary": {"covered_lines": 0, "num_statements": 12, "percent_covered": 0.0, "percent_covered_display": "0", "missing_lines": 12, "excluded_lines": 0}, "missing_lines": [201, 202, 204, 205, 206, 207, 209, 210, 212, 213, 214, 215], "excluded_lines": []}, "disable_pattern_command": {"executed_lines": [], "summary": {"covered_lines": 0, "num_statements": 12, "percent_covered": 0.0, "percent_covered_display": "0", "missing_lines": 12, "excluded_lines": 0}, "missing_lines": [228, 229, 231, 232, 233, 234, 236, 237, 239, 240, 241, 242], "excluded_lines": []}, "test_pattern_command": {"executed_lines": [], "summary": {"covered_lines": 0, "num_statements": 22, "percent_covered": 0.0, "percent_covered_display": "0", "missing_lines": 22, "excluded_lines": 0}, "missing_lines": [255, 256, 258, 260, 261, 262, 263, 265, 266, 267, 268, 270, 273, 274, 275, 276, 277, 279, 281, 282, 283, 284], "excluded_lines": []}, "validate_pattern_command": {"executed_lines": [], "summary": {"covered_lines": 0, "num_statements": 13, "percent_covered": 0.0, "percent_covered_display": "0", "missing_lines": 13, "excluded_lines": 0}, "missing_lines": [291, 292, 293, 295, 296, 297, 299, 300, 301, 303, 304, 305, 306], "excluded_lines": []}, "stats_command": {"executed_lines": [], "summary": {"covered_lines": 0, "num_statements": 9, "percent_covered": 0.0, "percent_covered_display": "0", "missing_lines": 9, "excluded_lines": 0}, "missing_lines": [317, 318, 319, 321, 335, 337, 338, 339, 340], "excluded_lines": []}, "": {"executed_lines": [1, 3, 4, 5, 6, 7, 8, 10, 12, 13, 16, 17, 22, 23, 28, 33, 38, 43, 100, 101, 107, 108, 109, 110, 116, 117, 153, 154, 160, 161, 162, 191, 192, 198, 199, 218, 219, 225, 226, 245, 246, 251, 252, 253, 287, 288, 289, 309, 310, 315], "summary": {"covered_lines": 49, "num_statements": 49, "percent_covered": 100.0, "percent_covered_display": "100", "missing_lines": 0, "excluded_lines": 0}, "missing_lines": [], "excluded_lines": []}}, "classes": {"": {"executed_lines": [1, 3, 4, 5, 6, 7, 8, 10, 12, 13, 16, 17, 22, 23, 28, 33, 38, 43, 100, 101, 107, 108, 109, 110, 116, 117, 153, 154, 160, 161, 162, 191, 192, 198, 199, 218, 219, 225, 226, 245, 246, 251, 252, 253, 287, 288, 289, 309, 310, 315], "summary": {"covered_lines": 49, "num_statements": 188, "percent_covered": 26.06382978723404, "percent_covered_display": "26", "missing_lines": 139, "excluded_lines": 0}, "missing_lines": [19, 45, 46, 47, 50, 51, 52, 53, 54, 55, 57, 58, 59, 62, 63, 64, 65, 66, 67, 69, 70, 71, 78, 86, 89, 90, 91, 92, 94, 95, 96, 97, 119, 120, 123, 124, 125, 126, 129, 137, 138, 139, 140, 141, 142, 144, 145, 147, 148, 149, 150, 164, 165, 167, 168, 169, 170, 172, 173, 174, 175, 177, 178, 179, 180, 182, 183, 185, 186, 187, 188, 201, 202, 204, 205, 206, 207, 209, 210, 212, 213, 214, 215, 228, 229, 231, 232, 233, 234, 236, 237, 239, 240, 241, 242, 255, 256, 258, 260, 261, 262, 263, 265, 266, 267, 268, 270, 273, 274, 275, 276, 277, 279, 281, 282, 283, 284, 291, 292, 293, 295, 296, 297, 299, 300, 301, 303, 304, 305, 306, 317, 318, 319, 321, 335, 337, 338, 339, 340], "excluded_lines": []}}}, "vaulytica/cli/commands/init.py": {"executed_lines": [1, 3, 5, 6, 7, 8, 10, 13, 15, 18, 24, 33, 35, 44, 45, 49, 53, 54, 57, 58, 60, 61, 62, 63, 64, 69, 84, 142, 143, 144, 146, 149, 150, 152, 153, 156], "summary": {"covered_lines": 35, "num_statements": 44, "percent_covered": 79.54545454545455, "percent_covered_display": "80", "missing_lines": 9, "excluded_lines": 0}, "missing_lines": [19, 20, 21, 22, 36, 37, 41, 42, 80], "excluded_lines": [], "functions": {"init_command": {"executed_lines": [15, 18, 24, 33, 35, 44, 45, 49, 53, 54, 57, 58, 60, 61, 62, 63, 64, 69, 84, 142, 143, 144, 146, 149, 150, 152, 153, 156], "summary": {"covered_lines": 28, "num_statements": 37, "percent_covered": 75.67567567567568, "percent_covered_display": "76", "missing_lines": 9, "excluded_lines": 0}, "missing_lines": [19, 20, 21, 22, 36, 37, 41, 42, 80], "excluded_lines": []}, "": {"executed_lines": [1, 3, 5, 6, 7, 8, 10, 13], "summary": {"covered_lines": 7, "num_statements": 7, "percent_covered": 100.0, "percent_covered_display": "100", "missing_lines": 0, "excluded_lines": 0}, "missing_lines": [], "excluded_lines": []}}, "classes": {"": {"executed_lines": [1, 3, 5, 6, 7, 8, 10, 13, 15, 18, 24, 33, 35, 44, 45, 49, 53, 54, 57, 58, 60, 61, 62, 63, 64, 69, 84, 142, 143, 144, 146, 149, 150, 152, 153, 156], "summary": {"covered_lines": 35, "num_statements": 44, "percent_covered": 79.54545454545455, "percent_covered_display": "80", "missing_lines": 9, "excluded_lines": 0}, "missing_lines": [19, 20, 21, 22, 36, 37, 41, 42, 80], "excluded_lines": []}}}, "vaulytica/cli/commands/metrics.py": {"executed_lines": [1, 5, 6, 7, 8, 9, 10, 12, 14, 17, 18, 23, 24, 30, 37, 78, 79, 85, 138, 139, 159, 160, 167, 173, 236, 251], "summary": {"covered_lines": 25, "num_statements": 122, "percent_covered": 20.491803278688526, "percent_covered_display": "20", "missing_lines": 97, "excluded_lines": 0}, "missing_lines": [20, 51, 52, 54, 55, 56, 57, 58, 60, 61, 63, 65, 66, 67, 68, 71, 73, 74, 75, 96, 98, 99, 100, 101, 104, 105, 108, 109, 110, 113, 114, 115, 116, 117, 118, 119, 120, 121, 123, 125, 126, 128, 129, 131, 132, 133, 134, 135, 145, 146, 148, 149, 150, 152, 154, 155, 156, 190, 191, 193, 195, 196, 197, 198, 199, 200, 201, 202, 203, 204, 205, 206, 207, 209, 210, 212, 214, 216, 218, 227, 229, 230, 231, 232, 233, 238, 239, 240, 241, 242, 243, 244, 245, 247, 248, 253, 266], "excluded_lines": [], "functions": {"metrics": {"executed_lines": [], "summary": {"covered_lines": 0, "num_statements": 1, "percent_covered": 0.0, "percent_covered_display": "0", "missing_lines": 1, "excluded_lines": 0}, "missing_lines": [20], "excluded_lines": []}, "export": {"executed_lines": [], "summary": {"covered_lines": 0, "num_statements": 18, "percent_covered": 0.0, "percent_covered_display": "0", "missing_lines": 18, "excluded_lines": 0}, "missing_lines": [51, 52, 54, 55, 56, 57, 58, 60, 61, 63, 65, 66, 67, 68, 71, 73, 74, 75], "excluded_lines": []}, "show": {"executed_lines": [], "summary": {"covered_lines": 0, "num_statements": 29, "percent_covered": 0.0, "percent_covered_display": "0", "missing_lines": 29, "excluded_lines": 0}, "missing_lines": [96, 98, 99, 100, 101, 104, 105, 108, 109, 110, 113, 114, 115, 116, 117, 118, 119, 120, 121, 123, 125, 126, 128, 129, 131, 132, 133, 134, 135], "excluded_lines": []}, "reset": {"executed_lines": [], "summary": {"covered_lines": 0, "num_statements": 9, "percent_covered": 0.0, "percent_covered_display": "0", "missing_lines": 9, "excluded_lines": 0}, "missing_lines": [145, 146, 148, 149, 150, 152, 154, 155, 156], "excluded_lines": []}, "serve": {"executed_lines": [], "summary": {"covered_lines": 0, "num_statements": 14, "percent_covered": 0.0, "percent_covered_display": "0", "missing_lines": 14, "excluded_lines": 0}, "missing_lines": [190, 191, 193, 195, 196, 212, 216, 218, 227, 229, 230, 231, 232, 233], "excluded_lines": []}, "serve.MetricsHandler.do_GET": {"executed_lines": [], "summary": {"covered_lines": 0, "num_statements": 13, "percent_covered": 0.0, "percent_covered_display": "0", "missing_lines": 13, "excluded_lines": 0}, "missing_lines": [197, 198, 199, 200, 201, 202, 203, 204, 205, 206, 207, 209, 210], "excluded_lines": []}, "serve.MetricsHandler.log_message": {"executed_lines": [], "summary": {"covered_lines": 0, "num_statements": 1, "percent_covered": 0.0, "percent_covered_display": "0", "missing_lines": 1, "excluded_lines": 0}, "missing_lines": [214], "excluded_lines": []}, "_format_duration": {"executed_lines": [], "summary": {"covered_lines": 0, "num_statements": 10, "percent_covered": 0.0, "percent_covered_display": "0", "missing_lines": 10, "excluded_lines": 0}, "missing_lines": [238, 239, 240, 241, 242, 243, 244, 245, 247, 248], "excluded_lines": []}, "_format_text_summary": {"executed_lines": [], "summary": {"covered_lines": 0, "num_statements": 2, "percent_covered": 0.0, "percent_covered_display": "0", "missing_lines": 2, "excluded_lines": 0}, "missing_lines": [253, 266], "excluded_lines": []}, "": {"executed_lines": [1, 5, 6, 7, 8, 9, 10, 12, 14, 17, 18, 23, 24, 30, 37, 78, 79, 85, 138, 139, 159, 160, 167, 173, 236, 251], "summary": {"covered_lines": 25, "num_statements": 25, "percent_covered": 100.0, "percent_covered_display": "100", "missing_lines": 0, "excluded_lines": 0}, "missing_lines": [], "excluded_lines": []}}, "classes": {"serve.MetricsHandler": {"executed_lines": [], "summary": {"covered_lines": 0, "num_statements": 14, "percent_covered": 0.0, "percent_covered_display": "0", "missing_lines": 14, "excluded_lines": 0}, "missing_lines": [197, 198, 199, 200, 201, 202, 203, 204, 205, 206, 207, 209, 210, 214], "excluded_lines": []}, "": {"executed_lines": [1, 5, 6, 7, 8, 9, 10, 12, 14, 17, 18, 23, 24, 30, 37, 78, 79, 85, 138, 139, 159, 160, 167, 173, 236, 251], "summary": {"covered_lines": 25, "num_statements": 108, "percent_covered": 23.14814814814815, "percent_covered_display": "23", "missing_lines": 83, "excluded_lines": 0}, "missing_lines": [20, 51, 52, 54, 55, 56, 57, 58, 60, 61, 63, 65, 66, 67, 68, 71, 73, 74, 75, 96, 98, 99, 100, 101, 104, 105, 108, 109, 110, 113, 114, 115, 116, 117, 118, 119, 120, 121, 123, 125, 126, 128, 129, 131, 132, 133, 134, 135, 145, 146, 148, 149, 150, 152, 154, 155, 156, 190, 191, 193, 195, 196, 212, 216, 218, 227, 229, 230, 231, 232, 233, 238, 239, 240, 241, 242, 243, 244, 245, 247, 248, 253, 266], "excluded_lines": []}}}, "vaulytica/cli/commands/monitor.py": {"executed_lines": [1, 3, 4, 6, 7, 8, 9, 10, 12, 17, 18, 20, 23, 24, 26, 29, 30, 36, 43, 79, 127, 128, 135, 141, 172, 218, 219, 226, 237, 264, 265], "summary": {"covered_lines": 30, "num_statements": 137, "percent_covered": 21.8978102189781, "percent_covered_display": "22", "missing_lines": 107, "excluded_lines": 0}, "missing_lines": [45, 48, 49, 50, 51, 52, 53, 54, 57, 58, 60, 62, 69, 72, 75, 76, 82, 88, 89, 95, 98, 99, 100, 101, 103, 104, 105, 108, 109, 110, 111, 112, 113, 114, 116, 118, 124, 143, 145, 147, 149, 150, 151, 152, 154, 156, 158, 160, 161, 162, 163, 165, 169, 175, 176, 177, 178, 180, 181, 183, 184, 187, 188, 189, 190, 192, 193, 195, 196, 199, 200, 201, 202, 203, 204, 206, 207, 208, 215, 228, 229, 231, 232, 234, 239, 240, 241, 243, 244, 245, 246, 247, 248, 249, 251, 252, 261, 267, 268, 270, 271, 272, 274, 275, 276, 278, 280], "excluded_lines": [], "functions": {"monitor_group": {"executed_lines": [26], "summary": {"covered_lines": 1, "num_statements": 1, "percent_covered": 100.0, "percent_covered_display": "100", "missing_lines": 0, "excluded_lines": 0}, "missing_lines": [], "excluded_lines": []}, "health_command": {"executed_lines": [], "summary": {"covered_lines": 0, "num_statements": 16, "percent_covered": 0.0, "percent_covered_display": "0", "missing_lines": 16, "excluded_lines": 0}, "missing_lines": [45, 48, 49, 50, 51, 52, 53, 54, 57, 58, 60, 62, 69, 72, 75, 76], "excluded_lines": []}, "_display_health_status": {"executed_lines": [], "summary": {"covered_lines": 0, "num_statements": 21, "percent_covered": 0.0, "percent_covered_display": "0", "missing_lines": 21, "excluded_lines": 0}, "missing_lines": [82, 88, 89, 95, 98, 99, 100, 101, 103, 104, 105, 108, 109, 110, 111, 112, 113, 114, 116, 118, 124], "excluded_lines": []}, "metrics_command": {"executed_lines": [], "summary": {"covered_lines": 0, "num_statements": 16, "percent_covered": 0.0, "percent_covered_display": "0", "missing_lines": 16, "excluded_lines": 0}, "missing_lines": [143, 145, 147, 149, 150, 151, 152, 154, 156, 158, 160, 161, 162, 163, 165, 169], "excluded_lines": []}, "_display_metrics_table": {"executed_lines": [], "summary": {"covered_lines": 0, "num_statements": 26, "percent_covered": 0.0, "percent_covered_display": "0", "missing_lines": 26, "excluded_lines": 0}, "missing_lines": [175, 176, 177, 178, 180, 181, 183, 184, 187, 188, 189, 190, 192, 193, 195, 196, 199, 200, 201, 202, 203, 204, 206, 207, 208, 215], "excluded_lines": []}, "performance_command": {"executed_lines": [], "summary": {"covered_lines": 0, "num_statements": 5, "percent_covered": 0.0, "percent_covered_display": "0", "missing_lines": 5, "excluded_lines": 0}, "missing_lines": [228, 229, 231, 232, 234], "excluded_lines": []}, "_display_performance_table": {"executed_lines": [], "summary": {"covered_lines": 0, "num_statements": 13, "percent_covered": 0.0, "percent_covered_display": "0", "missing_lines": 13, "excluded_lines": 0}, "missing_lines": [239, 240, 241, 243, 244, 245, 246, 247, 248, 249, 251, 252, 261], "excluded_lines": []}, "system_command": {"executed_lines": [], "summary": {"covered_lines": 0, "num_statements": 10, "percent_covered": 0.0, "percent_covered_display": "0", "missing_lines": 10, "excluded_lines": 0}, "missing_lines": [267, 268, 270, 271, 272, 274, 275, 276, 278, 280], "excluded_lines": []}, "": {"executed_lines": [1, 3, 4, 6, 7, 8, 9, 10, 12, 17, 18, 20, 23, 24, 29, 30, 36, 43, 79, 127, 128, 135, 141, 172, 218, 219, 226, 237, 264, 265], "summary": {"covered_lines": 29, "num_statements": 29, "percent_covered": 100.0, "percent_covered_display": "100", "missing_lines": 0, "excluded_lines": 0}, "missing_lines": [], "excluded_lines": []}}, "classes": {"": {"executed_lines": [1, 3, 4, 6, 7, 8, 9, 10, 12, 17, 18, 20, 23, 24, 26, 29, 30, 36, 43, 79, 127, 128, 135, 141, 172, 218, 219, 226, 237, 264, 265], "summary": {"covered_lines": 30, "num_statements": 137, "percent_covered": 21.8978102189781, "percent_covered_display": "22", "missing_lines": 107, "excluded_lines": 0}, "missing_lines": [45, 48, 49, 50, 51, 52, 53, 54, 57, 58, 60, 62, 69, 72, 75, 76, 82, 88, 89, 95, 98, 99, 100, 101, 103, 104, 105, 108, 109, 110, 111, 112, 113, 114, 116, 118, 124, 143, 145, 147, 149, 150, 151, 152, 154, 156, 158, 160, 161, 162, 163, 165, 169, 175, 176, 177, 178, 180, 181, 183, 184, 187, 188, 189, 190, 192, 193, 195, 196, 199, 200, 201, 202, 203, 204, 206, 207, 208, 215, 228, 229, 231, 232, 234, 239, 240, 241, 243, 244, 245, 246, 247, 248, 249, 251, 252, 261, 267, 268, 270, 271, 272, 274, 275, 276, 278, 280], "excluded_lines": []}}}, "vaulytica/cli/commands/offboard.py": {"executed_lines": [1, 3, 4, 5, 6, 8, 9, 10, 11, 13, 16, 17, 22, 23, 24, 28, 33, 38, 43, 48, 49, 192, 193, 194], "summary": {"covered_lines": 23, "num_statements": 96, "percent_covered": 23.958333333333332, "percent_covered_display": "24", "missing_lines": 73, "excluded_lines": 0}, "missing_lines": [19, 69, 71, 74, 77, 80, 83, 84, 96, 97, 98, 101, 103, 104, 106, 107, 115, 117, 118, 119, 121, 122, 123, 124, 125, 126, 127, 129, 132, 133, 135, 136, 137, 138, 140, 141, 142, 144, 150, 152, 153, 156, 157, 159, 182, 183, 185, 187, 188, 189, 200, 202, 205, 208, 211, 214, 215, 217, 218, 219, 222, 224, 225, 226, 227, 228, 230, 231, 237, 244, 246, 247, 248], "excluded_lines": [], "functions": {"offboard": {"executed_lines": [], "summary": {"covered_lines": 0, "num_statements": 1, "percent_covered": 0.0, "percent_covered_display": "0", "missing_lines": 1, "excluded_lines": 0}, "missing_lines": [19], "excluded_lines": []}, "offboard_user": {"executed_lines": [], "summary": {"covered_lines": 0, "num_statements": 49, "percent_covered": 0.0, "percent_covered_display": "0", "missing_lines": 49, "excluded_lines": 0}, "missing_lines": [69, 71, 74, 77, 80, 83, 84, 96, 97, 98, 101, 103, 104, 106, 107, 115, 117, 118, 119, 121, 122, 123, 124, 125, 126, 127, 129, 132, 133, 135, 136, 137, 138, 140, 141, 142, 144, 150, 152, 153, 156, 157, 159, 182, 183, 185, 187, 188, 189], "excluded_lines": []}, "list_suspended": {"executed_lines": [], "summary": {"covered_lines": 0, "num_statements": 23, "percent_covered": 0.0, "percent_covered_display": "0", "missing_lines": 23, "excluded_lines": 0}, "missing_lines": [200, 202, 205, 208, 211, 214, 215, 217, 218, 219, 222, 224, 225, 226, 227, 228, 230, 231, 237, 244, 246, 247, 248], "excluded_lines": []}, "": {"executed_lines": [1, 3, 4, 5, 6, 8, 9, 10, 11, 13, 16, 17, 22, 23, 24, 28, 33, 38, 43, 48, 49, 192, 193, 194], "summary": {"covered_lines": 23, "num_statements": 23, "percent_covered": 100.0, "percent_covered_display": "100", "missing_lines": 0, "excluded_lines": 0}, "missing_lines": [], "excluded_lines": []}}, "classes": {"": {"executed_lines": [1, 3, 4, 5, 6, 8, 9, 10, 11, 13, 16, 17, 22, 23, 24, 28, 33, 38, 43, 48, 49, 192, 193, 194], "summary": {"covered_lines": 23, "num_statements": 96, "percent_covered": 23.958333333333332, "percent_covered_display": "24", "missing_lines": 73, "excluded_lines": 0}, "missing_lines": [19, 69, 71, 74, 77, 80, 83, 84, 96, 97, 98, 101, 103, 104, 106, 107, 115, 117, 118, 119, 121, 122, 123, 124, 125, 126, 127, 129, 132, 133, 135, 136, 137, 138, 140, 141, 142, 144, 150, 152, 153, 156, 157, 159, 182, 183, 185, 187, 188, 189, 200, 202, 205, 208, 211, 214, 215, 217, 218, 219, 222, 224, 225, 226, 227, 228, 230, 231, 237, 244, 246, 247, 248], "excluded_lines": []}}}, "vaulytica/cli/commands/ou.py": {"executed_lines": [1, 3, 4, 6, 7, 8, 9, 11, 14, 15, 20, 21, 25, 30, 31, 120, 121, 122, 123, 161, 162, 163, 168, 172, 177, 178, 227, 228, 229, 230, 231, 232, 233, 234, 285, 286, 287, 292, 293], "summary": {"covered_lines": 38, "num_statements": 136, "percent_covered": 27.941176470588236, "percent_covered_display": "28", "missing_lines": 98, "excluded_lines": 0}, "missing_lines": [17, 33, 34, 35, 37, 40, 41, 44, 47, 49, 51, 53, 54, 55, 58, 59, 60, 61, 62, 64, 65, 72, 75, 76, 77, 79, 81, 82, 83, 98, 99, 103, 104, 105, 113, 115, 116, 117, 125, 126, 127, 129, 132, 133, 136, 139, 141, 143, 146, 156, 157, 158, 186, 187, 188, 190, 193, 194, 197, 200, 202, 204, 212, 222, 223, 224, 243, 244, 245, 247, 250, 251, 254, 257, 259, 261, 270, 280, 281, 282, 295, 296, 297, 300, 301, 302, 303, 305, 308, 309, 312, 315, 317, 319, 322, 328, 329, 330], "excluded_lines": [], "functions": {"ou_group": {"executed_lines": [], "summary": {"covered_lines": 0, "num_statements": 1, "percent_covered": 0.0, "percent_covered_display": "0", "missing_lines": 1, "excluded_lines": 0}, "missing_lines": [17], "excluded_lines": []}, "list_ous": {"executed_lines": [], "summary": {"covered_lines": 0, "num_statements": 37, "percent_covered": 0.0, "percent_covered_display": "0", "missing_lines": 37, "excluded_lines": 0}, "missing_lines": [33, 34, 35, 37, 40, 41, 44, 47, 49, 51, 53, 54, 55, 58, 59, 60, 61, 62, 64, 65, 72, 75, 76, 77, 79, 81, 82, 83, 98, 99, 103, 104, 105, 113, 115, 116, 117], "excluded_lines": []}, "get_ou": {"executed_lines": [], "summary": {"covered_lines": 0, "num_statements": 14, "percent_covered": 0.0, "percent_covered_display": "0", "missing_lines": 14, "excluded_lines": 0}, "missing_lines": [125, 126, 127, 129, 132, 133, 136, 139, 141, 143, 146, 156, 157, 158], "excluded_lines": []}, "create_ou": {"executed_lines": [], "summary": {"covered_lines": 0, "num_statements": 14, "percent_covered": 0.0, "percent_covered_display": "0", "missing_lines": 14, "excluded_lines": 0}, "missing_lines": [186, 187, 188, 190, 193, 194, 197, 200, 202, 204, 212, 222, 223, 224], "excluded_lines": []}, "update_ou": {"executed_lines": [], "summary": {"covered_lines": 0, "num_statements": 14, "percent_covered": 0.0, "percent_covered_display": "0", "missing_lines": 14, "excluded_lines": 0}, "missing_lines": [243, 244, 245, 247, 250, 251, 254, 257, 259, 261, 270, 280, 281, 282], "excluded_lines": []}, "delete_ou": {"executed_lines": [], "summary": {"covered_lines": 0, "num_statements": 18, "percent_covered": 0.0, "percent_covered_display": "0", "missing_lines": 18, "excluded_lines": 0}, "missing_lines": [295, 296, 297, 300, 301, 302, 303, 305, 308, 309, 312, 315, 317, 319, 322, 328, 329, 330], "excluded_lines": []}, "": {"executed_lines": [1, 3, 4, 6, 7, 8, 9, 11, 14, 15, 20, 21, 25, 30, 31, 120, 121, 122, 123, 161, 162, 163, 168, 172, 177, 178, 227, 228, 229, 230, 231, 232, 233, 234, 285, 286, 287, 292, 293], "summary": {"covered_lines": 38, "num_statements": 38, "percent_covered": 100.0, "percent_covered_display": "100", "missing_lines": 0, "excluded_lines": 0}, "missing_lines": [], "excluded_lines": []}}, "classes": {"": {"executed_lines": [1, 3, 4, 6, 7, 8, 9, 11, 14, 15, 20, 21, 25, 30, 31, 120, 121, 122, 123, 161, 162, 163, 168, 172, 177, 178, 227, 228, 229, 230, 231, 232, 233, 234, 285, 286, 287, 292, 293], "summary": {"covered_lines": 38, "num_statements": 136, "percent_covered": 27.941176470588236, "percent_covered_display": "28", "missing_lines": 98, "excluded_lines": 0}, "missing_lines": [17, 33, 34, 35, 37, 40, 41, 44, 47, 49, 51, 53, 54, 55, 58, 59, 60, 61, 62, 64, 65, 72, 75, 76, 77, 79, 81, 82, 83, 98, 99, 103, 104, 105, 113, 115, 116, 117, 125, 126, 127, 129, 132, 133, 136, 139, 141, 143, 146, 156, 157, 158, 186, 187, 188, 190, 193, 194, 197, 200, 202, 204, 212, 222, 223, 224, 243, 244, 245, 247, 250, 251, 254, 257, 259, 261, 270, 280, 281, 282, 295, 296, 297, 300, 301, 302, 303, 305, 308, 309, 312, 315, 317, 319, 322, 328, 329, 330], "excluded_lines": []}}}, "vaulytica/cli/commands/policy.py": {"executed_lines": [1, 3, 4, 5, 6, 8, 9, 10, 11, 13, 16, 17, 19, 22, 23, 29, 35, 40, 45, 50, 55, 56], "summary": {"covered_lines": 21, "num_statements": 89, "percent_covered": 23.59550561797753, "percent_covered_display": "24", "missing_lines": 68, "excluded_lines": 0}, "missing_lines": [76, 78, 81, 84, 87, 97, 99, 100, 101, 103, 104, 105, 106, 107, 109, 112, 113, 122, 123, 124, 126, 127, 130, 132, 134, 135, 136, 137, 139, 142, 144, 146, 147, 150, 152, 153, 154, 156, 157, 158, 159, 160, 162, 165, 166, 168, 169, 170, 171, 172, 173, 175, 176, 177, 179, 185, 193, 195, 196, 199, 200, 202, 227, 228, 230, 232, 233, 234], "excluded_lines": [], "functions": {"policy": {"executed_lines": [19], "summary": {"covered_lines": 1, "num_statements": 1, "percent_covered": 100.0, "percent_covered_display": "100", "missing_lines": 0, "excluded_lines": 0}, "missing_lines": [], "excluded_lines": []}, "expire_shares": {"executed_lines": [], "summary": {"covered_lines": 0, "num_statements": 68, "percent_covered": 0.0, "percent_covered_display": "0", "missing_lines": 68, "excluded_lines": 0}, "missing_lines": [76, 78, 81, 84, 87, 97, 99, 100, 101, 103, 104, 105, 106, 107, 109, 112, 113, 122, 123, 124, 126, 127, 130, 132, 134, 135, 136, 137, 139, 142, 144, 146, 147, 150, 152, 153, 154, 156, 157, 158, 159, 160, 162, 165, 166, 168, 169, 170, 171, 172, 173, 175, 176, 177, 179, 185, 193, 195, 196, 199, 200, 202, 227, 228, 230, 232, 233, 234], "excluded_lines": []}, "": {"executed_lines": [1, 3, 4, 5, 6, 8, 9, 10, 11, 13, 16, 17, 22, 23, 29, 35, 40, 45, 50, 55, 56], "summary": {"covered_lines": 20, "num_statements": 20, "percent_covered": 100.0, "percent_covered_display": "100", "missing_lines": 0, "excluded_lines": 0}, "missing_lines": [], "excluded_lines": []}}, "classes": {"": {"executed_lines": [1, 3, 4, 5, 6, 8, 9, 10, 11, 13, 16, 17, 19, 22, 23, 29, 35, 40, 45, 50, 55, 56], "summary": {"covered_lines": 21, "num_statements": 89, "percent_covered": 23.59550561797753, "percent_covered_display": "24", "missing_lines": 68, "excluded_lines": 0}, "missing_lines": [76, 78, 81, 84, 87, 97, 99, 100, 101, 103, 104, 105, 106, 107, 109, 112, 113, 122, 123, 124, 126, 127, 130, 132, 134, 135, 136, 137, 139, 142, 144, 146, 147, 150, 152, 153, 154, 156, 157, 158, 159, 160, 162, 165, 166, 168, 169, 170, 171, 172, 173, 175, 176, 177, 179, 185, 193, 195, 196, 199, 200, 202, 227, 228, 230, 232, 233, 234], "excluded_lines": []}}}, "vaulytica/cli/commands/report.py": {"executed_lines": [], "summary": {"covered_lines": 0, "num_statements": 119, "percent_covered": 0.0, "percent_covered_display": "0", "missing_lines": 119, "excluded_lines": 0}, "missing_lines": [3, 4, 5, 6, 7, 9, 10, 11, 12, 14, 15, 17, 20, 27, 28, 29, 31, 32, 34, 35, 40, 43, 46, 48, 49, 50, 51, 52, 53, 56, 58, 61, 63, 64, 65, 66, 67, 68, 70, 71, 73, 75, 78, 80, 81, 82, 85, 87, 89, 90, 91, 102, 103, 115, 117, 119, 125, 126, 129, 131, 133, 212, 213, 214, 226, 233, 234, 237, 239, 241, 242, 243, 245, 246, 247, 249, 250, 251, 252, 254, 257, 263, 264, 266, 267, 269, 270, 275, 278, 283, 284, 286, 288, 296, 298, 299, 302, 303, 304, 306, 307, 308, 309, 310, 311, 312, 314, 316, 317, 318, 321, 323, 324, 326, 328, 329, 331, 332, 333], "excluded_lines": [], "functions": {"generate_report_command": {"executed_lines": [], "summary": {"covered_lines": 0, "num_statements": 33, "percent_covered": 0.0, "percent_covered_display": "0", "missing_lines": 33, "excluded_lines": 0}, "missing_lines": [27, 28, 29, 31, 32, 34, 35, 40, 43, 46, 48, 49, 50, 51, 52, 53, 56, 58, 61, 63, 64, 65, 66, 67, 68, 70, 71, 73, 75, 78, 80, 81, 82], "excluded_lines": []}, "_generate_csv_report": {"executed_lines": [], "summary": {"covered_lines": 0, "num_statements": 6, "percent_covered": 0.0, "percent_covered_display": "0", "missing_lines": 6, "excluded_lines": 0}, "missing_lines": [87, 89, 90, 91, 102, 103], "excluded_lines": []}, "_generate_json_report": {"executed_lines": [], "summary": {"covered_lines": 0, "num_statements": 4, "percent_covered": 0.0, "percent_covered_display": "0", "missing_lines": 4, "excluded_lines": 0}, "missing_lines": [117, 119, 125, 126], "excluded_lines": []}, "_generate_html_report": {"executed_lines": [], "summary": {"covered_lines": 0, "num_statements": 8, "percent_covered": 0.0, "percent_covered_display": "0", "missing_lines": 8, "excluded_lines": 0}, "missing_lines": [131, 133, 212, 213, 214, 226, 233, 234], "excluded_lines": []}, "_display_summary": {"executed_lines": [], "summary": {"covered_lines": 0, "num_statements": 12, "percent_covered": 0.0, "percent_covered_display": "0", "missing_lines": 12, "excluded_lines": 0}, "missing_lines": [239, 241, 242, 243, 245, 246, 247, 249, 250, 251, 252, 254], "excluded_lines": []}, "generate_dashboard_command": {"executed_lines": [], "summary": {"covered_lines": 0, "num_statements": 38, "percent_covered": 0.0, "percent_covered_display": "0", "missing_lines": 38, "excluded_lines": 0}, "missing_lines": [263, 264, 266, 267, 269, 270, 275, 278, 283, 284, 286, 288, 296, 298, 299, 302, 303, 304, 306, 307, 308, 309, 310, 311, 312, 314, 316, 317, 318, 321, 323, 324, 326, 328, 329, 331, 332, 333], "excluded_lines": []}, "": {"executed_lines": [], "summary": {"covered_lines": 0, "num_statements": 18, "percent_covered": 0.0, "percent_covered_display": "0", "missing_lines": 18, "excluded_lines": 0}, "missing_lines": [3, 4, 5, 6, 7, 9, 10, 11, 12, 14, 15, 17, 20, 85, 115, 129, 237, 257], "excluded_lines": []}}, "classes": {"": {"executed_lines": [], "summary": {"covered_lines": 0, "num_statements": 119, "percent_covered": 0.0, "percent_covered_display": "0", "missing_lines": 119, "excluded_lines": 0}, "missing_lines": [3, 4, 5, 6, 7, 9, 10, 11, 12, 14, 15, 17, 20, 27, 28, 29, 31, 32, 34, 35, 40, 43, 46, 48, 49, 50, 51, 52, 53, 56, 58, 61, 63, 64, 65, 66, 67, 68, 70, 71, 73, 75, 78, 80, 81, 82, 85, 87, 89, 90, 91, 102, 103, 115, 117, 119, 125, 126, 129, 131, 133, 212, 213, 214, 226, 233, 234, 237, 239, 241, 242, 243, 245, 246, 247, 249, 250, 251, 252, 254, 257, 263, 264, 266, 267, 269, 270, 275, 278, 283, 284, 286, 288, 296, 298, 299, 302, 303, 304, 306, 307, 308, 309, 310, 311, 312, 314, 316, 317, 318, 321, 323, 324, 326, 328, 329, 331, 332, 333], "excluded_lines": []}}}, "vaulytica/cli/commands/resources.py": {"executed_lines": [1, 3, 4, 6, 7, 8, 9, 11, 14, 15, 20, 21, 26, 27, 122, 123, 124, 125, 169, 170, 171, 178, 183, 187, 191, 195, 199, 203, 204, 266, 267, 268, 269, 270, 271, 272, 273, 274, 275, 276, 338, 339, 340, 345, 346, 386, 387, 392, 393], "summary": {"covered_lines": 48, "num_statements": 190, "percent_covered": 25.263157894736842, "percent_covered_display": "25", "missing_lines": 142, "excluded_lines": 0}, "missing_lines": [17, 29, 30, 31, 33, 36, 37, 40, 43, 45, 47, 49, 50, 51, 54, 55, 56, 57, 58, 59, 61, 62, 70, 73, 74, 75, 77, 79, 80, 81, 99, 100, 104, 105, 106, 115, 117, 118, 119, 127, 128, 129, 131, 134, 135, 138, 141, 143, 145, 148, 150, 164, 165, 166, 216, 217, 218, 220, 223, 224, 227, 230, 233, 234, 235, 237, 239, 251, 261, 262, 263, 288, 289, 290, 292, 295, 296, 299, 302, 305, 306, 307, 309, 311, 323, 333, 334, 335, 348, 349, 350, 353, 354, 355, 356, 358, 361, 362, 365, 368, 370, 372, 375, 381, 382, 383, 395, 396, 397, 399, 402, 403, 406, 409, 411, 413, 415, 416, 417, 420, 421, 422, 423, 425, 426, 432, 435, 436, 437, 439, 441, 442, 443, 457, 458, 462, 463, 464, 470, 472, 473, 474], "excluded_lines": [], "functions": {"resources_group": {"executed_lines": [], "summary": {"covered_lines": 0, "num_statements": 1, "percent_covered": 0.0, "percent_covered_display": "0", "missing_lines": 1, "excluded_lines": 0}, "missing_lines": [17], "excluded_lines": []}, "list_resources": {"executed_lines": [], "summary": {"covered_lines": 0, "num_statements": 38, "percent_covered": 0.0, "percent_covered_display": "0", "missing_lines": 38, "excluded_lines": 0}, "missing_lines": [29, 30, 31, 33, 36, 37, 40, 43, 45, 47, 49, 50, 51, 54, 55, 56, 57, 58, 59, 61, 62, 70, 73, 74, 75, 77, 79, 80, 81, 99, 100, 104, 105, 106, 115, 117, 118, 119], "excluded_lines": []}, "get_resource": {"executed_lines": [], "summary": {"covered_lines": 0, "num_statements": 15, "percent_covered": 0.0, "percent_covered_display": "0", "missing_lines": 15, "excluded_lines": 0}, "missing_lines": [127, 128, 129, 131, 134, 135, 138, 141, 143, 145, 148, 150, 164, 165, 166], "excluded_lines": []}, "create_resource": {"executed_lines": [], "summary": {"covered_lines": 0, "num_statements": 17, "percent_covered": 0.0, "percent_covered_display": "0", "missing_lines": 17, "excluded_lines": 0}, "missing_lines": [216, 217, 218, 220, 223, 224, 227, 230, 233, 234, 235, 237, 239, 251, 261, 262, 263], "excluded_lines": []}, "update_resource": {"executed_lines": [], "summary": {"covered_lines": 0, "num_statements": 17, "percent_covered": 0.0, "percent_covered_display": "0", "missing_lines": 17, "excluded_lines": 0}, "missing_lines": [288, 289, 290, 292, 295, 296, 299, 302, 305, 306, 307, 309, 311, 323, 333, 334, 335], "excluded_lines": []}, "delete_resource": {"executed_lines": [], "summary": {"covered_lines": 0, "num_statements": 18, "percent_covered": 0.0, "percent_covered_display": "0", "missing_lines": 18, "excluded_lines": 0}, "missing_lines": [348, 349, 350, 353, 354, 355, 356, 358, 361, 362, 365, 368, 370, 372, 375, 381, 382, 383], "excluded_lines": []}, "list_buildings": {"executed_lines": [], "summary": {"covered_lines": 0, "num_statements": 36, "percent_covered": 0.0, "percent_covered_display": "0", "missing_lines": 36, "excluded_lines": 0}, "missing_lines": [395, 396, 397, 399, 402, 403, 406, 409, 411, 413, 415, 416, 417, 420, 421, 422, 423, 425, 426, 432, 435, 436, 437, 439, 441, 442, 443, 457, 458, 462, 463, 464, 470, 472, 473, 474], "excluded_lines": []}, "": {"executed_lines": [1, 3, 4, 6, 7, 8, 9, 11, 14, 15, 20, 21, 26, 27, 122, 123, 124, 125, 169, 170, 171, 178, 183, 187, 191, 195, 199, 203, 204, 266, 267, 268, 269, 270, 271, 272, 273, 274, 275, 276, 338, 339, 340, 345, 346, 386, 387, 392, 393], "summary": {"covered_lines": 48, "num_statements": 48, "percent_covered": 100.0, "percent_covered_display": "100", "missing_lines": 0, "excluded_lines": 0}, "missing_lines": [], "excluded_lines": []}}, "classes": {"": {"executed_lines": [1, 3, 4, 6, 7, 8, 9, 11, 14, 15, 20, 21, 26, 27, 122, 123, 124, 125, 169, 170, 171, 178, 183, 187, 191, 195, 199, 203, 204, 266, 267, 268, 269, 270, 271, 272, 273, 274, 275, 276, 338, 339, 340, 345, 346, 386, 387, 392, 393], "summary": {"covered_lines": 48, "num_statements": 190, "percent_covered": 25.263157894736842, "percent_covered_display": "25", "missing_lines": 142, "excluded_lines": 0}, "missing_lines": [17, 29, 30, 31, 33, 36, 37, 40, 43, 45, 47, 49, 50, 51, 54, 55, 56, 57, 58, 59, 61, 62, 70, 73, 74, 75, 77, 79, 80, 81, 99, 100, 104, 105, 106, 115, 117, 118, 119, 127, 128, 129, 131, 134, 135, 138, 141, 143, 145, 148, 150, 164, 165, 166, 216, 217, 218, 220, 223, 224, 227, 230, 233, 234, 235, 237, 239, 251, 261, 262, 263, 288, 289, 290, 292, 295, 296, 299, 302, 305, 306, 307, 309, 311, 323, 333, 334, 335, 348, 349, 350, 353, 354, 355, 356, 358, 361, 362, 365, 368, 370, 372, 375, 381, 382, 383, 395, 396, 397, 399, 402, 403, 406, 409, 411, 413, 415, 416, 417, 420, 421, 422, 423, 425, 426, 432, 435, 436, 437, 439, 441, 442, 443, 457, 458, 462, 463, 464, 470, 472, 473, 474], "excluded_lines": []}}}, "vaulytica/cli/commands/scan.py": {"executed_lines": [], "summary": {"covered_lines": 0, "num_statements": 879, "percent_covered": 0.0, "percent_covered_display": "0", "missing_lines": 879, "excluded_lines": 0}, "missing_lines": [3, 4, 5, 6, 7, 9, 10, 11, 12, 14, 17, 25, 27, 28, 29, 31, 44, 45, 58, 59, 60, 61, 74, 75, 78, 86, 88, 89, 90, 92, 104, 105, 117, 118, 119, 120, 132, 133, 136, 148, 149, 150, 151, 152, 154, 156, 157, 160, 161, 162, 163, 164, 165, 168, 169, 170, 171, 172, 174, 175, 176, 177, 180, 181, 186, 187, 188, 191, 192, 193, 194, 195, 198, 199, 209, 210, 215, 218, 219, 226, 227, 230, 231, 232, 233, 234, 235, 236, 238, 239, 240, 248, 250, 251, 254, 255, 256, 259, 261, 262, 263, 264, 265, 267, 270, 278, 279, 281, 284, 285, 286, 287, 288, 289, 292, 293, 294, 295, 296, 298, 299, 302, 303, 304, 305, 306, 309, 311, 314, 315, 318, 320, 321, 322, 324, 325, 326, 327, 328, 330, 333, 334, 336, 337, 338, 339, 340, 342, 343, 344, 350, 357, 359, 360, 363, 364, 365, 368, 376, 377, 378, 380, 383, 384, 385, 386, 387, 388, 391, 392, 393, 394, 395, 397, 398, 399, 402, 403, 404, 405, 406, 409, 412, 413, 419, 421, 422, 423, 425, 426, 427, 428, 429, 434, 437, 438, 440, 441, 442, 443, 444, 446, 447, 454, 456, 457, 460, 461, 463, 464, 465, 466, 467, 468, 470, 471, 479, 481, 482, 485, 486, 488, 489, 490, 502, 504, 516, 519, 526, 527, 528, 530, 533, 534, 535, 536, 537, 538, 541, 542, 543, 544, 545, 547, 548, 549, 551, 554, 555, 556, 557, 558, 561, 564, 565, 568, 570, 571, 572, 574, 575, 576, 578, 581, 582, 583, 585, 586, 587, 588, 589, 591, 592, 599, 601, 602, 605, 606, 608, 609, 610, 611, 612, 613, 616, 618, 619, 621, 629, 631, 632, 635, 636, 638, 639, 640, 650, 651, 661, 664, 665, 670, 675, 680, 686, 691, 692, 708, 709, 710, 712, 715, 716, 719, 720, 723, 726, 727, 730, 732, 733, 735, 736, 738, 739, 741, 742, 745, 746, 747, 748, 749, 750, 752, 753, 755, 756, 757, 758, 759, 760, 761, 763, 764, 765, 766, 767, 768, 769, 770, 772, 774, 783, 786, 787, 789, 792, 794, 796, 797, 798, 800, 814, 815, 828, 830, 831, 856, 857, 859, 862, 884, 885, 886, 887, 889, 892, 893, 896, 897, 900, 903, 906, 909, 910, 912, 920, 921, 929, 930, 931, 932, 934, 935, 937, 938, 941, 942, 943, 944, 945, 946, 947, 948, 950, 951, 960, 962, 963, 966, 967, 970, 972, 973, 975, 976, 977, 989, 990, 991, 992, 994, 1006, 1008, 1009, 1011, 1040, 1041, 1043, 1046, 1047, 1052, 1057, 1062, 1067, 1073, 1078, 1079, 1096, 1097, 1098, 1100, 1103, 1104, 1107, 1108, 1111, 1112, 1115, 1116, 1119, 1122, 1123, 1131, 1132, 1133, 1134, 1135, 1136, 1137, 1140, 1141, 1143, 1144, 1145, 1146, 1147, 1149, 1150, 1151, 1153, 1160, 1163, 1164, 1166, 1167, 1168, 1169, 1171, 1172, 1173, 1175, 1181, 1184, 1185, 1187, 1188, 1189, 1190, 1192, 1193, 1199, 1201, 1202, 1205, 1206, 1208, 1211, 1213, 1215, 1216, 1217, 1219, 1221, 1222, 1229, 1230, 1237, 1238, 1245, 1247, 1248, 1277, 1278, 1280, 1283, 1284, 1289, 1294, 1299, 1304, 1309, 1315, 1321, 1326, 1327, 1347, 1348, 1349, 1350, 1352, 1355, 1356, 1359, 1360, 1363, 1364, 1367, 1370, 1373, 1374, 1375, 1376, 1378, 1379, 1381, 1382, 1383, 1384, 1390, 1391, 1392, 1393, 1395, 1396, 1398, 1399, 1400, 1401, 1407, 1408, 1409, 1410, 1412, 1413, 1416, 1417, 1418, 1419, 1421, 1424, 1425, 1427, 1428, 1430, 1431, 1432, 1433, 1434, 1436, 1437, 1439, 1440, 1441, 1442, 1443, 1445, 1446, 1453, 1460, 1462, 1463, 1468, 1469, 1471, 1474, 1476, 1478, 1479, 1480, 1482, 1492, 1493, 1502, 1504, 1505, 1521, 1522, 1524, 1527, 1541, 1542, 1543, 1544, 1546, 1549, 1552, 1558, 1559, 1560, 1563, 1570, 1575, 1576, 1580, 1583, 1585, 1586, 1587, 1589, 1590, 1591, 1595, 1596, 1597, 1598, 1600, 1603, 1604, 1606, 1607, 1608, 1609, 1610, 1612, 1613, 1620, 1622, 1623, 1626, 1627, 1630, 1632, 1635, 1637, 1638, 1639, 1641, 1651, 1652, 1661, 1664, 1681, 1682, 1692, 1693, 1695, 1698, 1708, 1709, 1710, 1712, 1715, 1718, 1724, 1730, 1735, 1736, 1737, 1740, 1742, 1743, 1744, 1746, 1747, 1748, 1749, 1750, 1751, 1753, 1756, 1757, 1759, 1760, 1761, 1762, 1764, 1765, 1771, 1773, 1774, 1777, 1778, 1781, 1783, 1786, 1788, 1789, 1790, 1792, 1800, 1801, 1808, 1811, 1845, 1846, 1848, 1851, 1863, 1864, 1865, 1867, 1870, 1873, 1879, 1886, 1891, 1892, 1893, 1896, 1898, 1899, 1900, 1902, 1903, 1904, 1905, 1906, 1907, 1908, 1909, 1910, 1911, 1913, 1916, 1917, 1919, 1920, 1921, 1922, 1923, 1924, 1926, 1927, 1935, 1937, 1938, 1941, 1942, 1945, 1947, 1950, 1952, 1953, 1954, 1956, 1970, 1971, 1984, 1987, 2008, 2009, 2011, 2014, 2028, 2029, 2030, 2032, 2035, 2038, 2044, 2050, 2055, 2056, 2057, 2060, 2062, 2063, 2064, 2066, 2067, 2068, 2069, 2070, 2071, 2072, 2073, 2075, 2078, 2079, 2081, 2082, 2083, 2084, 2085, 2086, 2088, 2089, 2097, 2099, 2100, 2103, 2104, 2106, 2107, 2109, 2110, 2111, 2125, 2126, 2140, 2143, 2173, 2174, 2176, 2179, 2193, 2194, 2195, 2197, 2200, 2203, 2209, 2215, 2220, 2221, 2222, 2225, 2227, 2228, 2229, 2231, 2232, 2233, 2234, 2235, 2236, 2237, 2239, 2242, 2243, 2244, 2245, 2248, 2249, 2251, 2252, 2253, 2254, 2255, 2257, 2258, 2265, 2267, 2268, 2271, 2272, 2274, 2275, 2276, 2278, 2288, 2289, 2290, 2300, 2303, 2328, 2329, 2331], "excluded_lines": [], "functions": {"_save_files_to_output": {"executed_lines": [], "summary": {"covered_lines": 0, "num_statements": 13, "percent_covered": 0.0, "percent_covered_display": "0", "missing_lines": 13, "excluded_lines": 0}, "missing_lines": [25, 27, 28, 29, 31, 44, 45, 58, 59, 60, 61, 74, 75], "excluded_lines": []}, "_save_users_to_output": {"executed_lines": [], "summary": {"covered_lines": 0, "num_statements": 13, "percent_covered": 0.0, "percent_covered_display": "0", "missing_lines": 13, "excluded_lines": 0}, "missing_lines": [86, 88, 89, 90, 92, 104, 105, 117, 118, 119, 120, 132, 133], "excluded_lines": []}, "scan_files_command": {"executed_lines": [], "summary": {"covered_lines": 0, "num_statements": 65, "percent_covered": 0.0, "percent_covered_display": "0", "missing_lines": 65, "excluded_lines": 0}, "missing_lines": [148, 149, 150, 151, 152, 154, 156, 157, 160, 161, 162, 163, 164, 165, 168, 169, 170, 171, 172, 174, 175, 176, 177, 180, 181, 186, 187, 188, 191, 192, 193, 194, 195, 198, 199, 209, 210, 215, 218, 219, 226, 227, 230, 231, 232, 233, 234, 235, 236, 238, 239, 240, 248, 250, 251, 254, 255, 256, 259, 261, 262, 263, 264, 265, 267], "excluded_lines": []}, "scan_users_command": {"executed_lines": [], "summary": {"covered_lines": 0, "num_statements": 52, "percent_covered": 0.0, "percent_covered_display": "0", "missing_lines": 52, "excluded_lines": 0}, "missing_lines": [278, 279, 281, 284, 285, 286, 287, 288, 289, 292, 293, 294, 295, 296, 298, 299, 302, 303, 304, 305, 306, 309, 311, 314, 315, 318, 320, 321, 322, 324, 325, 326, 327, 328, 330, 333, 334, 336, 337, 338, 339, 340, 342, 343, 344, 350, 357, 359, 360, 363, 364, 365], "excluded_lines": []}, "scan_shared_drives_command": {"executed_lines": [], "summary": {"covered_lines": 0, "num_statements": 69, "percent_covered": 0.0, "percent_covered_display": "0", "missing_lines": 69, "excluded_lines": 0}, "missing_lines": [376, 377, 378, 380, 383, 384, 385, 386, 387, 388, 391, 392, 393, 394, 395, 397, 398, 399, 402, 403, 404, 405, 406, 409, 412, 413, 419, 421, 422, 423, 425, 426, 427, 428, 429, 434, 437, 438, 440, 441, 442, 443, 444, 446, 447, 454, 456, 457, 460, 461, 463, 464, 465, 466, 467, 468, 470, 471, 479, 481, 482, 485, 486, 488, 489, 490, 502, 504, 516], "excluded_lines": []}, "scan_oauth_apps_command": {"executed_lines": [], "summary": {"covered_lines": 0, "num_statements": 71, "percent_covered": 0.0, "percent_covered_display": "0", "missing_lines": 71, "excluded_lines": 0}, "missing_lines": [526, 527, 528, 530, 533, 534, 535, 536, 537, 538, 541, 542, 543, 544, 545, 547, 548, 549, 551, 554, 555, 556, 557, 558, 561, 564, 565, 568, 570, 571, 572, 574, 575, 576, 578, 581, 582, 583, 585, 586, 587, 588, 589, 591, 592, 599, 601, 602, 605, 606, 608, 609, 610, 611, 612, 613, 616, 618, 619, 621, 629, 631, 632, 635, 636, 638, 639, 640, 650, 651, 661], "excluded_lines": []}, "scan_groups_command": {"executed_lines": [], "summary": {"covered_lines": 0, "num_statements": 49, "percent_covered": 0.0, "percent_covered_display": "0", "missing_lines": 49, "excluded_lines": 0}, "missing_lines": [708, 709, 710, 712, 715, 716, 719, 720, 723, 726, 727, 730, 732, 733, 735, 736, 738, 739, 741, 742, 745, 746, 747, 748, 749, 750, 752, 753, 755, 756, 757, 758, 759, 760, 761, 763, 764, 765, 766, 767, 768, 769, 770, 772, 774, 783, 786, 787, 789], "excluded_lines": []}, "_save_groups_to_output": {"executed_lines": [], "summary": {"covered_lines": 0, "num_statements": 13, "percent_covered": 0.0, "percent_covered_display": "0", "missing_lines": 13, "excluded_lines": 0}, "missing_lines": [794, 796, 797, 798, 800, 814, 815, 828, 830, 831, 856, 857, 859], "excluded_lines": []}, "scan_gmail_command": {"executed_lines": [], "summary": {"covered_lines": 0, "num_statements": 40, "percent_covered": 0.0, "percent_covered_display": "0", "missing_lines": 40, "excluded_lines": 0}, "missing_lines": [884, 885, 886, 887, 889, 892, 893, 896, 897, 900, 903, 906, 909, 910, 912, 920, 921, 929, 930, 931, 932, 934, 935, 937, 938, 941, 942, 943, 944, 945, 946, 947, 948, 950, 951, 960, 962, 963, 966, 967], "excluded_lines": []}, "_save_gmail_results_to_output": {"executed_lines": [], "summary": {"covered_lines": 0, "num_statements": 17, "percent_covered": 0.0, "percent_covered_display": "0", "missing_lines": 17, "excluded_lines": 0}, "missing_lines": [972, 973, 975, 976, 977, 989, 990, 991, 992, 994, 1006, 1008, 1009, 1011, 1040, 1041, 1043], "excluded_lines": []}, "scan_gmail_security_command": {"executed_lines": [], "summary": {"covered_lines": 0, "num_statements": 59, "percent_covered": 0.0, "percent_covered_display": "0", "missing_lines": 59, "excluded_lines": 0}, "missing_lines": [1096, 1097, 1098, 1100, 1103, 1104, 1107, 1108, 1111, 1112, 1115, 1116, 1119, 1122, 1123, 1131, 1132, 1133, 1134, 1135, 1136, 1137, 1140, 1141, 1143, 1144, 1145, 1146, 1147, 1149, 1150, 1151, 1153, 1160, 1163, 1164, 1166, 1167, 1168, 1169, 1171, 1172, 1173, 1175, 1181, 1184, 1185, 1187, 1188, 1189, 1190, 1192, 1193, 1199, 1201, 1202, 1205, 1206, 1208], "excluded_lines": []}, "_save_gmail_security_to_output": {"executed_lines": [], "summary": {"covered_lines": 0, "num_statements": 17, "percent_covered": 0.0, "percent_covered_display": "0", "missing_lines": 17, "excluded_lines": 0}, "missing_lines": [1213, 1215, 1216, 1217, 1219, 1221, 1222, 1229, 1230, 1237, 1238, 1245, 1247, 1248, 1277, 1278, 1280], "excluded_lines": []}, "scan_audit_logs_command": {"executed_lines": [], "summary": {"covered_lines": 0, "num_statements": 69, "percent_covered": 0.0, "percent_covered_display": "0", "missing_lines": 69, "excluded_lines": 0}, "missing_lines": [1347, 1348, 1349, 1350, 1352, 1355, 1356, 1359, 1360, 1363, 1364, 1367, 1370, 1373, 1374, 1375, 1376, 1378, 1379, 1381, 1382, 1383, 1384, 1390, 1391, 1392, 1393, 1395, 1396, 1398, 1399, 1400, 1401, 1407, 1408, 1409, 1410, 1412, 1413, 1416, 1417, 1418, 1419, 1421, 1424, 1425, 1427, 1428, 1430, 1431, 1432, 1433, 1434, 1436, 1437, 1439, 1440, 1441, 1442, 1443, 1445, 1446, 1453, 1460, 1462, 1463, 1468, 1469, 1471], "excluded_lines": []}, "_save_audit_logs_to_output": {"executed_lines": [], "summary": {"covered_lines": 0, "num_statements": 13, "percent_covered": 0.0, "percent_covered_display": "0", "missing_lines": 13, "excluded_lines": 0}, "missing_lines": [1476, 1478, 1479, 1480, 1482, 1492, 1493, 1502, 1504, 1505, 1521, 1522, 1524], "excluded_lines": []}, "scan_calendar_command": {"executed_lines": [], "summary": {"covered_lines": 0, "num_statements": 41, "percent_covered": 0.0, "percent_covered_display": "0", "missing_lines": 41, "excluded_lines": 0}, "missing_lines": [1541, 1542, 1543, 1544, 1546, 1549, 1552, 1558, 1559, 1560, 1563, 1570, 1575, 1576, 1580, 1583, 1585, 1586, 1587, 1589, 1590, 1591, 1595, 1596, 1597, 1598, 1600, 1603, 1604, 1606, 1607, 1608, 1609, 1610, 1612, 1613, 1620, 1622, 1623, 1626, 1627], "excluded_lines": []}, "_save_calendar_results_to_output": {"executed_lines": [], "summary": {"covered_lines": 0, "num_statements": 15, "percent_covered": 0.0, "percent_covered_display": "0", "missing_lines": 15, "excluded_lines": 0}, "missing_lines": [1632, 1635, 1637, 1638, 1639, 1641, 1651, 1652, 1661, 1664, 1681, 1682, 1692, 1693, 1695], "excluded_lines": []}, "scan_vault_command": {"executed_lines": [], "summary": {"covered_lines": 0, "num_statements": 35, "percent_covered": 0.0, "percent_covered_display": "0", "missing_lines": 35, "excluded_lines": 0}, "missing_lines": [1708, 1709, 1710, 1712, 1715, 1718, 1724, 1730, 1735, 1736, 1737, 1740, 1742, 1743, 1744, 1746, 1747, 1748, 1749, 1750, 1751, 1753, 1756, 1757, 1759, 1760, 1761, 1762, 1764, 1765, 1771, 1773, 1774, 1777, 1778], "excluded_lines": []}, "_save_vault_results_to_output": {"executed_lines": [], "summary": {"covered_lines": 0, "num_statements": 13, "percent_covered": 0.0, "percent_covered_display": "0", "missing_lines": 13, "excluded_lines": 0}, "missing_lines": [1783, 1786, 1788, 1789, 1790, 1792, 1800, 1801, 1808, 1811, 1845, 1846, 1848], "excluded_lines": []}, "scan_mobile_devices_command": {"executed_lines": [], "summary": {"covered_lines": 0, "num_statements": 41, "percent_covered": 0.0, "percent_covered_display": "0", "missing_lines": 41, "excluded_lines": 0}, "missing_lines": [1863, 1864, 1865, 1867, 1870, 1873, 1879, 1886, 1891, 1892, 1893, 1896, 1898, 1899, 1900, 1902, 1903, 1904, 1905, 1906, 1907, 1908, 1909, 1910, 1911, 1913, 1916, 1917, 1919, 1920, 1921, 1922, 1923, 1924, 1926, 1927, 1935, 1937, 1938, 1941, 1942], "excluded_lines": []}, "_save_mobile_device_results_to_output": {"executed_lines": [], "summary": {"covered_lines": 0, "num_statements": 13, "percent_covered": 0.0, "percent_covered_display": "0", "missing_lines": 13, "excluded_lines": 0}, "missing_lines": [1947, 1950, 1952, 1953, 1954, 1956, 1970, 1971, 1984, 1987, 2008, 2009, 2011], "excluded_lines": []}, "scan_chrome_devices_command": {"executed_lines": [], "summary": {"covered_lines": 0, "num_statements": 51, "percent_covered": 0.0, "percent_covered_display": "0", "missing_lines": 51, "excluded_lines": 0}, "missing_lines": [2028, 2029, 2030, 2032, 2035, 2038, 2044, 2050, 2055, 2056, 2057, 2060, 2062, 2063, 2064, 2066, 2067, 2068, 2069, 2070, 2071, 2072, 2073, 2075, 2078, 2079, 2081, 2082, 2083, 2084, 2085, 2086, 2088, 2089, 2097, 2099, 2100, 2103, 2104, 2106, 2107, 2109, 2110, 2111, 2125, 2126, 2140, 2143, 2173, 2174, 2176], "excluded_lines": []}, "scan_licenses_command": {"executed_lines": [], "summary": {"covered_lines": 0, "num_statements": 53, "percent_covered": 0.0, "percent_covered_display": "0", "missing_lines": 53, "excluded_lines": 0}, "missing_lines": [2193, 2194, 2195, 2197, 2200, 2203, 2209, 2215, 2220, 2221, 2222, 2225, 2227, 2228, 2229, 2231, 2232, 2233, 2234, 2235, 2236, 2237, 2239, 2242, 2243, 2244, 2245, 2248, 2249, 2251, 2252, 2253, 2254, 2255, 2257, 2258, 2265, 2267, 2268, 2271, 2272, 2274, 2275, 2276, 2278, 2288, 2289, 2290, 2300, 2303, 2328, 2329, 2331], "excluded_lines": []}, "": {"executed_lines": [], "summary": {"covered_lines": 0, "num_statements": 57, "percent_covered": 0.0, "percent_covered_display": "0", "missing_lines": 57, "excluded_lines": 0}, "missing_lines": [3, 4, 5, 6, 7, 9, 10, 11, 12, 14, 17, 78, 136, 270, 368, 519, 664, 665, 670, 675, 680, 686, 691, 692, 792, 862, 970, 1046, 1047, 1052, 1057, 1062, 1067, 1073, 1078, 1079, 1211, 1283, 1284, 1289, 1294, 1299, 1304, 1309, 1315, 1321, 1326, 1327, 1474, 1527, 1630, 1698, 1781, 1851, 1945, 2014, 2179], "excluded_lines": []}}, "classes": {"": {"executed_lines": [], "summary": {"covered_lines": 0, "num_statements": 879, "percent_covered": 0.0, "percent_covered_display": "0", "missing_lines": 879, "excluded_lines": 0}, "missing_lines": [3, 4, 5, 6, 7, 9, 10, 11, 12, 14, 17, 25, 27, 28, 29, 31, 44, 45, 58, 59, 60, 61, 74, 75, 78, 86, 88, 89, 90, 92, 104, 105, 117, 118, 119, 120, 132, 133, 136, 148, 149, 150, 151, 152, 154, 156, 157, 160, 161, 162, 163, 164, 165, 168, 169, 170, 171, 172, 174, 175, 176, 177, 180, 181, 186, 187, 188, 191, 192, 193, 194, 195, 198, 199, 209, 210, 215, 218, 219, 226, 227, 230, 231, 232, 233, 234, 235, 236, 238, 239, 240, 248, 250, 251, 254, 255, 256, 259, 261, 262, 263, 264, 265, 267, 270, 278, 279, 281, 284, 285, 286, 287, 288, 289, 292, 293, 294, 295, 296, 298, 299, 302, 303, 304, 305, 306, 309, 311, 314, 315, 318, 320, 321, 322, 324, 325, 326, 327, 328, 330, 333, 334, 336, 337, 338, 339, 340, 342, 343, 344, 350, 357, 359, 360, 363, 364, 365, 368, 376, 377, 378, 380, 383, 384, 385, 386, 387, 388, 391, 392, 393, 394, 395, 397, 398, 399, 402, 403, 404, 405, 406, 409, 412, 413, 419, 421, 422, 423, 425, 426, 427, 428, 429, 434, 437, 438, 440, 441, 442, 443, 444, 446, 447, 454, 456, 457, 460, 461, 463, 464, 465, 466, 467, 468, 470, 471, 479, 481, 482, 485, 486, 488, 489, 490, 502, 504, 516, 519, 526, 527, 528, 530, 533, 534, 535, 536, 537, 538, 541, 542, 543, 544, 545, 547, 548, 549, 551, 554, 555, 556, 557, 558, 561, 564, 565, 568, 570, 571, 572, 574, 575, 576, 578, 581, 582, 583, 585, 586, 587, 588, 589, 591, 592, 599, 601, 602, 605, 606, 608, 609, 610, 611, 612, 613, 616, 618, 619, 621, 629, 631, 632, 635, 636, 638, 639, 640, 650, 651, 661, 664, 665, 670, 675, 680, 686, 691, 692, 708, 709, 710, 712, 715, 716, 719, 720, 723, 726, 727, 730, 732, 733, 735, 736, 738, 739, 741, 742, 745, 746, 747, 748, 749, 750, 752, 753, 755, 756, 757, 758, 759, 760, 761, 763, 764, 765, 766, 767, 768, 769, 770, 772, 774, 783, 786, 787, 789, 792, 794, 796, 797, 798, 800, 814, 815, 828, 830, 831, 856, 857, 859, 862, 884, 885, 886, 887, 889, 892, 893, 896, 897, 900, 903, 906, 909, 910, 912, 920, 921, 929, 930, 931, 932, 934, 935, 937, 938, 941, 942, 943, 944, 945, 946, 947, 948, 950, 951, 960, 962, 963, 966, 967, 970, 972, 973, 975, 976, 977, 989, 990, 991, 992, 994, 1006, 1008, 1009, 1011, 1040, 1041, 1043, 1046, 1047, 1052, 1057, 1062, 1067, 1073, 1078, 1079, 1096, 1097, 1098, 1100, 1103, 1104, 1107, 1108, 1111, 1112, 1115, 1116, 1119, 1122, 1123, 1131, 1132, 1133, 1134, 1135, 1136, 1137, 1140, 1141, 1143, 1144, 1145, 1146, 1147, 1149, 1150, 1151, 1153, 1160, 1163, 1164, 1166, 1167, 1168, 1169, 1171, 1172, 1173, 1175, 1181, 1184, 1185, 1187, 1188, 1189, 1190, 1192, 1193, 1199, 1201, 1202, 1205, 1206, 1208, 1211, 1213, 1215, 1216, 1217, 1219, 1221, 1222, 1229, 1230, 1237, 1238, 1245, 1247, 1248, 1277, 1278, 1280, 1283, 1284, 1289, 1294, 1299, 1304, 1309, 1315, 1321, 1326, 1327, 1347, 1348, 1349, 1350, 1352, 1355, 1356, 1359, 1360, 1363, 1364, 1367, 1370, 1373, 1374, 1375, 1376, 1378, 1379, 1381, 1382, 1383, 1384, 1390, 1391, 1392, 1393, 1395, 1396, 1398, 1399, 1400, 1401, 1407, 1408, 1409, 1410, 1412, 1413, 1416, 1417, 1418, 1419, 1421, 1424, 1425, 1427, 1428, 1430, 1431, 1432, 1433, 1434, 1436, 1437, 1439, 1440, 1441, 1442, 1443, 1445, 1446, 1453, 1460, 1462, 1463, 1468, 1469, 1471, 1474, 1476, 1478, 1479, 1480, 1482, 1492, 1493, 1502, 1504, 1505, 1521, 1522, 1524, 1527, 1541, 1542, 1543, 1544, 1546, 1549, 1552, 1558, 1559, 1560, 1563, 1570, 1575, 1576, 1580, 1583, 1585, 1586, 1587, 1589, 1590, 1591, 1595, 1596, 1597, 1598, 1600, 1603, 1604, 1606, 1607, 1608, 1609, 1610, 1612, 1613, 1620, 1622, 1623, 1626, 1627, 1630, 1632, 1635, 1637, 1638, 1639, 1641, 1651, 1652, 1661, 1664, 1681, 1682, 1692, 1693, 1695, 1698, 1708, 1709, 1710, 1712, 1715, 1718, 1724, 1730, 1735, 1736, 1737, 1740, 1742, 1743, 1744, 1746, 1747, 1748, 1749, 1750, 1751, 1753, 1756, 1757, 1759, 1760, 1761, 1762, 1764, 1765, 1771, 1773, 1774, 1777, 1778, 1781, 1783, 1786, 1788, 1789, 1790, 1792, 1800, 1801, 1808, 1811, 1845, 1846, 1848, 1851, 1863, 1864, 1865, 1867, 1870, 1873, 1879, 1886, 1891, 1892, 1893, 1896, 1898, 1899, 1900, 1902, 1903, 1904, 1905, 1906, 1907, 1908, 1909, 1910, 1911, 1913, 1916, 1917, 1919, 1920, 1921, 1922, 1923, 1924, 1926, 1927, 1935, 1937, 1938, 1941, 1942, 1945, 1947, 1950, 1952, 1953, 1954, 1956, 1970, 1971, 1984, 1987, 2008, 2
[...]
2, 73, 74, 75, 76, 77, 78, 79, 80, 81, 82, 84, 100, 101, 103, 106, 107, 109, 129, 219, 253, 282, 308, 339, 378, 412, 413, 432, 469, 509, 537, 584], "summary": {"covered_lines": 76, "num_statements": 76, "percent_covered": 100.0, "percent_covered_display": "100", "missing_lines": 0, "excluded_lines": 0}, "missing_lines": [], "excluded_lines": []}}}, "vaulytica/storage/__init__.py": {"executed_lines": [1, 3, 5], "summary": {"covered_lines": 2, "num_statements": 2, "percent_covered": 100.0, "percent_covered_display": "100", "missing_lines": 0, "excluded_lines": 0}, "missing_lines": [], "excluded_lines": [], "functions": {"": {"executed_lines": [1, 3, 5], "summary": {"covered_lines": 2, "num_statements": 2, "percent_covered": 100.0, "percent_covered_display": "100", "missing_lines": 0, "excluded_lines": 0}, "missing_lines": [], "excluded_lines": []}}, "classes": {"": {"executed_lines": [1, 3, 5], "summary": {"covered_lines": 2, "num_statements": 2, "percent_covered": 100.0, "percent_covered_display": "100", "missing_lines": 0, "excluded_lines": 0}, "missing_lines": [], "excluded_lines": []}}}, "vaulytica/storage/state.py": {"executed_lines": [1, 3, 4, 5, 6, 7, 9, 11, 14, 15, 17, 23, 24, 26, 28, 30, 31, 34, 49, 63, 76, 88, 93, 98, 103, 105, 106, 108, 109, 110, 111, 113, 115, 131, 133, 134, 136, 151, 152, 154, 155, 157, 172, 173, 175, 190, 192, 200, 221, 223, 224, 226, 245, 247, 256, 257, 259, 264, 265, 266, 270, 279, 280, 282, 287, 289, 299, 300, 302, 312, 313, 314, 316, 318, 337, 339, 340, 342, 360, 362, 376, 377, 379, 390, 399, 401, 410, 412, 414, 415, 418, 423, 424, 426, 427], "summary": {"covered_lines": 93, "num_statements": 95, "percent_covered": 97.89473684210526, "percent_covered_display": "98", "missing_lines": 2, "excluded_lines": 0}, "missing_lines": [268, 380], "excluded_lines": [], "functions": {"StateManager.__init__": {"executed_lines": [23, 24, 26], "summary": {"covered_lines": 3, "num_statements": 3, "percent_covered": 100.0, "percent_covered_display": "100", "missing_lines": 0, "excluded_lines": 0}, "missing_lines": [], "excluded_lines": []}, "StateManager._init_db": {"executed_lines": [30, 31, 34, 49, 63, 76, 88, 93, 98, 103], "summary": {"covered_lines": 10, "num_statements": 10, "percent_covered": 100.0, "percent_covered_display": "100", "missing_lines": 0, "excluded_lines": 0}, "missing_lines": [], "excluded_lines": []}, "StateManager._get_connection": {"executed_lines": [108, 109, 110, 111, 113], "summary": {"covered_lines": 5, "num_statements": 5, "percent_covered": 100.0, "percent_covered_display": "100", "missing_lines": 0, "excluded_lines": 0}, "missing_lines": [], "excluded_lines": []}, "StateManager.record_scan_start": {"executed_lines": [131, 133, 134, 136, 151, 152, 154, 155], "summary": {"covered_lines": 8, "num_statements": 8, "percent_covered": 100.0, "percent_covered_display": "100", "missing_lines": 0, "excluded_lines": 0}, "missing_lines": [], "excluded_lines": []}, "StateManager.record_scan_end": {"executed_lines": [172, 173, 175, 190, 192], "summary": {"covered_lines": 5, "num_statements": 5, "percent_covered": 100.0, "percent_covered_display": "100", "missing_lines": 0, "excluded_lines": 0}, "missing_lines": [], "excluded_lines": []}, "StateManager.update_file_state": {"executed_lines": [221, 223, 224, 226, 245], "summary": {"covered_lines": 5, "num_statements": 5, "percent_covered": 100.0, "percent_covered_display": "100", "missing_lines": 0, "excluded_lines": 0}, "missing_lines": [], "excluded_lines": []}, "StateManager.get_file_state": {"executed_lines": [256, 257, 259, 264, 265, 266], "summary": {"covered_lines": 6, "num_statements": 7, "percent_covered": 85.71428571428571, "percent_covered_display": "86", "missing_lines": 1, "excluded_lines": 0}, "missing_lines": [268], "excluded_lines": []}, "StateManager.get_files_modified_since": {"executed_lines": [279, 280, 282, 287], "summary": {"covered_lines": 4, "num_statements": 4, "percent_covered": 100.0, "percent_covered_display": "100", "missing_lines": 0, "excluded_lines": 0}, "missing_lines": [], "excluded_lines": []}, "StateManager.get_last_scan_time": {"executed_lines": [299, 300, 302, 312, 313, 314, 316], "summary": {"covered_lines": 7, "num_statements": 7, "percent_covered": 100.0, "percent_covered_display": "100", "missing_lines": 0, "excluded_lines": 0}, "missing_lines": [], "excluded_lines": []}, "StateManager.update_user_state": {"executed_lines": [337, 339, 340, 342, 360], "summary": {"covered_lines": 5, "num_statements": 5, "percent_covered": 100.0, "percent_covered_display": "100", "missing_lines": 0, "excluded_lines": 0}, "missing_lines": [], "excluded_lines": []}, "StateManager.get_scan_history": {"executed_lines": [376, 377, 379, 390, 399], "summary": {"covered_lines": 5, "num_statements": 6, "percent_covered": 83.33333333333333, "percent_covered_display": "83", "missing_lines": 1, "excluded_lines": 0}, "missing_lines": [380], "excluded_lines": []}, "StateManager.cleanup_old_state": {"executed_lines": [410, 412, 414, 415, 418, 423, 424, 426, 427], "summary": {"covered_lines": 9, "num_statements": 9, "percent_covered": 100.0, "percent_covered_display": "100", "missing_lines": 0, "excluded_lines": 0}, "missing_lines": [], "excluded_lines": []}, "": {"executed_lines": [1, 3, 4, 5, 6, 7, 9, 11, 14, 15, 17, 28, 105, 106, 115, 157, 200, 247, 270, 289, 318, 362, 401], "summary": {"covered_lines": 21, "num_statements": 21, "percent_covered": 100.0, "percent_covered_display": "100", "missing_lines": 0, "excluded_lines": 0}, "missing_lines": [], "excluded_lines": []}}, "classes": {"StateManager": {"executed_lines": [23, 24, 26, 30, 31, 34, 49, 63, 76, 88, 93, 98, 103, 108, 109, 110, 111, 113, 131, 133, 134, 136, 151, 152, 154, 155, 172, 173, 175, 190, 192, 221, 223, 224, 226, 245, 256, 257, 259, 264, 265, 266, 279, 280, 282, 287, 299, 300, 302, 312, 313, 314, 316, 337, 339, 340, 342, 360, 376, 377, 379, 390, 399, 410, 412, 414, 415, 418, 423, 424, 426, 427], "summary": {"covered_lines": 72, "num_statements": 74, "percent_covered": 97.29729729729729, "percent_covered_display": "97", "missing_lines": 2, "excluded_lines": 0}, "missing_lines": [268, 380], "excluded_lines": []}, "": {"executed_lines": [1, 3, 4, 5, 6, 7, 9, 11, 14, 15, 17, 28, 105, 106, 115, 157, 200, 247, 270, 289, 318, 362, 401], "summary": {"covered_lines": 21, "num_statements": 21, "percent_covered": 100.0, "percent_covered_display": "100", "missing_lines": 0, "excluded_lines": 0}, "missing_lines": [], "excluded_lines": []}}}, "vaulytica/workflows/__init__.py": {"executed_lines": [1, 3, 8, 14], "summary": {"covered_lines": 3, "num_statements": 3, "percent_covered": 100.0, "percent_covered_display": "100", "missing_lines": 0, "excluded_lines": 0}, "missing_lines": [], "excluded_lines": [], "functions": {"": {"executed_lines": [1, 3, 8, 14], "summary": {"covered_lines": 3, "num_statements": 3, "percent_covered": 100.0, "percent_covered_display": "100", "missing_lines": 0, "excluded_lines": 0}, "missing_lines": [], "excluded_lines": []}}, "classes": {"": {"executed_lines": [1, 3, 8, 14], "summary": {"covered_lines": 3, "num_statements": 3, "percent_covered": 100.0, "percent_covered_display": "100", "missing_lines": 0, "excluded_lines": 0}, "missing_lines": [], "excluded_lines": []}}}, "vaulytica/workflows/external_pii_alert.py": {"executed_lines": [1, 3, 4, 5, 7, 8, 10, 11, 12, 13, 15, 18, 19, 20, 22, 23, 24, 25, 26, 27, 28, 29, 32, 33, 34, 36, 37, 38, 41, 42, 43, 45, 46, 47, 48, 49, 50, 51, 52, 54, 56, 57, 61, 62, 64, 75, 76, 79, 80, 83, 84, 89, 90, 94, 96, 102, 110, 119, 120, 122, 124, 125, 128, 130, 131, 132, 134, 136, 144, 146, 217, 220, 221, 222, 225, 234, 243, 283, 310, 345], "summary": {"covered_lines": 72, "num_statements": 180, "percent_covered": 40.0, "percent_covered_display": "40", "missing_lines": 108, "excluded_lines": 0}, "missing_lines": [58, 108, 126, 148, 155, 157, 161, 162, 164, 170, 171, 174, 179, 180, 182, 184, 185, 186, 188, 190, 196, 197, 202, 203, 204, 205, 206, 207, 208, 210, 212, 226, 228, 229, 230, 231, 235, 236, 237, 238, 239, 240, 241, 252, 254, 260, 262, 264, 265, 267, 273, 274, 281, 293, 294, 295, 297, 299, 300, 304, 306, 307, 308, 319, 321, 323, 324, 325, 326, 329, 334, 336, 337, 339, 341, 342, 343, 352, 374, 375, 376, 381, 382, 383, 384, 387, 388, 390, 392, 428, 429, 430, 432, 433, 434, 435, 436, 438, 439, 441, 443, 444, 446, 447, 448, 450, 451, 452], "excluded_lines": [], "functions": {"ExternalPIIAlertResult.duration_seconds": {"executed_lines": [56, 57], "summary": {"covered_lines": 2, "num_statements": 3, "percent_covered": 66.66666666666667, "percent_covered_display": "67", "missing_lines": 1, "excluded_lines": 0}, "missing_lines": [58], "excluded_lines": []}, "ExternalPIIAlertWorkflow.__init__": {"executed_lines": [75, 76, 79, 80, 83, 84, 89, 90, 94, 96], "summary": {"covered_lines": 10, "num_statements": 10, "percent_covered": 100.0, "percent_covered_display": "100", "missing_lines": 0, "excluded_lines": 0}, "missing_lines": [], "excluded_lines": []}, "ExternalPIIAlertWorkflow.set_email_alerter": {"executed_lines": [], "summary": {"covered_lines": 0, "num_statements": 1, "percent_covered": 0.0, "percent_covered_display": "0", "missing_lines": 1, "excluded_lines": 0}, "missing_lines": [108], "excluded_lines": []}, "ExternalPIIAlertWorkflow.run": {"executed_lines": [119, 120, 122, 124, 125, 128, 130, 131, 132, 134, 136, 144], "summary": {"covered_lines": 12, "num_statements": 13, "percent_covered": 92.3076923076923, "percent_covered_display": "92", "missing_lines": 1, "excluded_lines": 0}, "missing_lines": [126], "excluded_lines": []}, "ExternalPIIAlertWorkflow._run_with_progress": {"executed_lines": [], "summary": {"covered_lines": 0, "num_statements": 28, "percent_covered": 0.0, "percent_covered_display": "0", "missing_lines": 28, "excluded_lines": 0}, "missing_lines": [148, 155, 157, 161, 162, 164, 170, 171, 174, 179, 180, 182, 184, 185, 186, 188, 190, 196, 197, 202, 203, 204, 205, 206, 207, 208, 210, 212], "excluded_lines": []}, "ExternalPIIAlertWorkflow._run_without_progress": {"executed_lines": [220, 221, 222, 225, 234], "summary": {"covered_lines": 5, "num_statements": 17, "percent_covered": 29.41176470588235, "percent_covered_display": "29", "missing_lines": 12, "excluded_lines": 0}, "missing_lines": [226, 228, 229, 230, 231, 235, 236, 237, 238, 239, 240, 241], "excluded_lines": []}, "ExternalPIIAlertWorkflow._scan_file_for_pii": {"executed_lines": [], "summary": {"covered_lines": 0, "num_statements": 10, "percent_covered": 0.0, "percent_covered_display": "0", "missing_lines": 10, "excluded_lines": 0}, "missing_lines": [252, 254, 260, 262, 264, 265, 267, 273, 274, 281], "excluded_lines": []}, "ExternalPIIAlertWorkflow._download_file_content": {"executed_lines": [], "summary": {"covered_lines": 0, "num_statements": 10, "percent_covered": 0.0, "percent_covered_display": "0", "missing_lines": 10, "excluded_lines": 0}, "missing_lines": [293, 294, 295, 297, 299, 300, 304, 306, 307, 308], "excluded_lines": []}, "ExternalPIIAlertWorkflow._export_google_doc": {"executed_lines": [], "summary": {"covered_lines": 0, "num_statements": 14, "percent_covered": 0.0, "percent_covered_display": "0", "missing_lines": 14, "excluded_lines": 0}, "missing_lines": [319, 321, 323, 324, 325, 326, 329, 334, 336, 337, 339, 341, 342, 343], "excluded_lines": []}, "ExternalPIIAlertWorkflow._send_alert": {"executed_lines": [], "summary": {"covered_lines": 0, "num_statements": 31, "percent_covered": 0.0, "percent_covered_display": "0", "missing_lines": 31, "excluded_lines": 0}, "missing_lines": [352, 374, 375, 376, 381, 382, 383, 384, 387, 388, 390, 392, 428, 429, 430, 432, 433, 434, 435, 436, 438, 439, 441, 443, 444, 446, 447, 448, 450, 451, 452], "excluded_lines": []}, "": {"executed_lines": [1, 3, 4, 5, 7, 8, 10, 11, 12, 13, 15, 18, 19, 20, 22, 23, 24, 25, 26, 27, 28, 29, 32, 33, 34, 36, 37, 38, 41, 42, 43, 45, 46, 47, 48, 49, 50, 51, 52, 54, 61, 62, 64, 102, 110, 146, 217, 243, 283, 310, 345], "summary": {"covered_lines": 43, "num_statements": 43, "percent_covered": 100.0, "percent_covered_display": "100", "missing_lines": 0, "excluded_lines": 0}, "missing_lines": [], "excluded_lines": []}}, "classes": {"ExternalPIIAlertConfig": {"executed_lines": [], "summary": {"covered_lines": 0, "num_statements": 0, "percent_covered": 100.0, "percent_covered_display": "100", "missing_lines": 0, "excluded_lines": 0}, "missing_lines": [], "excluded_lines": []}, "FileWithPII": {"executed_lines": [], "summary": {"covered_lines": 0, "num_statements": 0, "percent_covered": 100.0, "percent_covered_display": "100", "missing_lines": 0, "excluded_lines": 0}, "missing_lines": [], "excluded_lines": []}, "ExternalPIIAlertResult": {"executed_lines": [56, 57], "summary": {"covered_lines": 2, "num_statements": 3, "percent_covered": 66.66666666666667, "percent_covered_display": "67", "missing_lines": 1, "excluded_lines": 0}, "missing_lines": [58], "excluded_lines": []}, "ExternalPIIAlertWorkflow": {"executed_lines": [75, 76, 79, 80, 83, 84, 89, 90, 94, 96, 119, 120, 122, 124, 125, 128, 130, 131, 132, 134, 136, 144, 220, 221, 222, 225, 234], "summary": {"covered_lines": 27, "num_statements": 134, "percent_covered": 20.149253731343283, "percent_covered_display": "20", "missing_lines": 107, "excluded_lines": 0}, "missing_lines": [108, 126, 148, 155, 157, 161, 162, 164, 170, 171, 174, 179, 180, 182, 184, 185, 186, 188, 190, 196, 197, 202, 203, 204, 205, 206, 207, 208, 210, 212, 226, 228, 229, 230, 231, 235, 236, 237, 238, 239, 240, 241, 252, 254, 260, 262, 264, 265, 267, 273, 274, 281, 293, 294, 295, 297, 299, 300, 304, 306, 307, 308, 319, 321, 323, 324, 325, 326, 329, 334, 336, 337, 339, 341, 342, 343, 352, 374, 375, 376, 381, 382, 383, 384, 387, 388, 390, 392, 428, 429, 430, 432, 433, 434, 435, 436, 438, 439, 441, 443, 444, 446, 447, 448, 450, 451, 452], "excluded_lines": []}, "": {"executed_lines": [1, 3, 4, 5, 7, 8, 10, 11, 12, 13, 15, 18, 19, 20, 22, 23, 24, 25, 26, 27, 28, 29, 32, 33, 34, 36, 37, 38, 41, 42, 43, 45, 46, 47, 48, 49, 50, 51, 52, 54, 61, 62, 64, 102, 110, 146, 217, 243, 283, 310, 345], "summary": {"covered_lines": 43, "num_statements": 43, "percent_covered": 100.0, "percent_covered_display": "100", "missing_lines": 0, "excluded_lines": 0}, "missing_lines": [], "excluded_lines": []}}}, "vaulytica/workflows/gmail_external_pii_alert.py": {"executed_lines": [1, 3, 4, 5, 7, 8, 10, 11, 12, 14, 17, 18, 19, 21, 22, 23, 24, 25, 26, 27, 28, 29, 32, 33, 34, 36, 37, 38, 39, 40, 41, 42, 43, 44, 45, 47, 49, 50, 54, 55, 57, 68, 69, 72, 75, 77, 84, 90, 99, 100, 102, 104, 106, 108, 111, 117, 119, 127, 129, 135, 139, 140, 141, 143, 144, 154, 164, 165, 166, 168, 250, 254, 284, 299], "summary": {"covered_lines": 69, "num_statements": 144, "percent_covered": 47.916666666666664, "percent_covered_display": "48", "missing_lines": 75, "excluded_lines": 0}, "missing_lines": [51, 78, 82, 109, 113, 114, 115, 136, 155, 156, 158, 159, 160, 162, 172, 179, 184, 185, 187, 194, 195, 196, 199, 200, 201, 203, 207, 208, 209, 211, 212, 213, 215, 217, 223, 224, 229, 230, 231, 232, 233, 234, 239, 243, 245, 255, 256, 263, 264, 265, 267, 268, 269, 271, 275, 276, 277, 279, 280, 281, 285, 286, 287, 288, 289, 290, 295, 306, 340, 341, 342, 347, 352, 353, 354], "excluded_lines": [], "functions": {"GmailExternalPIIAlertResult.duration_seconds": {"executed_lines": [49, 50], "summary": {"covered_lines": 2, "num_statements": 3, "percent_covered": 66.66666666666667, "percent_covered_display": "67", "missing_lines": 1, "excluded_lines": 0}, "missing_lines": [51], "excluded_lines": []}, "GmailExternalPIIAlertWorkflow.__init__": {"executed_lines": [68, 69, 72, 75, 77, 84], "summary": {"covered_lines": 6, "num_statements": 8, "percent_covered": 75.0, "percent_covered_display": "75", "missing_lines": 2, "excluded_lines": 0}, "missing_lines": [78, 82], "excluded_lines": []}, "GmailExternalPIIAlertWorkflow.run": {"executed_lines": [99, 100, 102, 104, 106, 108, 111, 117, 119, 127], "summary": {"covered_lines": 10, "num_statements": 14, "percent_covered": 71.42857142857143, "percent_covered_display": "71", "missing_lines": 4, "excluded_lines": 0}, "missing_lines": [109, 113, 114, 115], "excluded_lines": []}, "GmailExternalPIIAlertWorkflow._get_users_to_scan": {"executed_lines": [135, 139, 140, 141, 143, 144, 154, 164, 165, 166], "summary": {"covered_lines": 10, "num_statements": 17, "percent_covered": 58.8235294117647, "percent_covered_display": "59", "missing_lines": 7, "excluded_lines": 0}, "missing_lines": [136, 155, 156, 158, 159, 160, 162], "excluded_lines": []}, "GmailExternalPIIAlertWorkflow._run_with_progress": {"executed_lines": [], "summary": {"covered_lines": 0, "num_statements": 31, "percent_covered": 0.0, "percent_covered_display": "0", "missing_lines": 31, "excluded_lines": 0}, "missing_lines": [172, 179, 184, 185, 187, 194, 195, 196, 199, 200, 201, 203, 207, 208, 209, 211, 212, 213, 215, 217, 223, 224, 229, 230, 231, 232, 233, 234, 239, 243, 245], "excluded_lines": []}, "GmailExternalPIIAlertWorkflow._run_without_progress": {"executed_lines": [254, 284], "summary": {"covered_lines": 2, "num_statements": 24, "percent_covered": 8.333333333333334, "percent_covered_display": "8", "missing_lines": 22, "excluded_lines": 0}, "missing_lines": [255, 256, 263, 264, 265, 267, 268, 269, 271, 275, 276, 277, 279, 280, 281, 285, 286, 287, 288, 289, 290, 295], "excluded_lines": []}, "GmailExternalPIIAlertWorkflow._send_alert": {"executed_lines": [], "summary": {"covered_lines": 0, "num_statements": 8, "percent_covered": 0.0, "percent_covered_display": "0", "missing_lines": 8, "excluded_lines": 0}, "missing_lines": [306, 340, 341, 342, 347, 352, 353, 354], "excluded_lines": []}, "": {"executed_lines": [1, 3, 4, 5, 7, 8, 10, 11, 12, 14, 17, 18, 19, 21, 22, 23, 24, 25, 26, 27, 28, 29, 32, 33, 34, 36, 37, 38, 39, 40, 41, 42, 43, 44, 45, 47, 54, 55, 57, 90, 129, 168, 250, 299], "summary": {"covered_lines": 39, "num_statements": 39, "percent_covered": 100.0, "percent_covered_display": "100", "missing_lines": 0, "excluded_lines": 0}, "missing_lines": [], "excluded_lines": []}}, "classes": {"GmailExternalPIIAlertConfig": {"executed_lines": [], "summary": {"covered_lines": 0, "num_statements": 0, "percent_covered": 100.0, "percent_covered_display": "100", "missing_lines": 0, "excluded_lines": 0}, "missing_lines": [], "excluded_lines": []}, "GmailExternalPIIAlertResult": {"executed_lines": [49, 50], "summary": {"covered_lines": 2, "num_statements": 3, "percent_covered": 66.66666666666667, "percent_covered_display": "67", "missing_lines": 1, "excluded_lines": 0}, "missing_lines": [51], "excluded_lines": []}, "GmailExternalPIIAlertWorkflow": {"executed_lines": [68, 69, 72, 75, 77, 84, 99, 100, 102, 104, 106, 108, 111, 117, 119, 127, 135, 139, 140, 141, 143, 144, 154, 164, 165, 166, 254, 284], "summary": {"covered_lines": 28, "num_statements": 102, "percent_covered": 27.45098039215686, "percent_covered_display": "27", "missing_lines": 74, "excluded_lines": 0}, "missing_lines": [78, 82, 109, 113, 114, 115, 136, 155, 156, 158, 159, 160, 162, 172, 179, 184, 185, 187, 194, 195, 196, 199, 200, 201, 203, 207, 208, 209, 211, 212, 213, 215, 217, 223, 224, 229, 230, 231, 232, 233, 234, 239, 243, 245, 255, 256, 263, 264, 265, 267, 268, 269, 271, 275, 276, 277, 279, 280, 281, 285, 286, 287, 288, 289, 290, 295, 306, 340, 341, 342, 347, 352, 353, 354], "excluded_lines": []}, "": {"executed_lines": [1, 3, 4, 5, 7, 8, 10, 11, 12, 14, 17, 18, 19, 21, 22, 23, 24, 25, 26, 27, 28, 29, 32, 33, 34, 36, 37, 38, 39, 40, 41, 42, 43, 44, 45, 47, 54, 55, 57, 90, 129, 168, 250, 299], "summary": {"covered_lines": 39, "num_statements": 39, "percent_covered": 100.0, "percent_covered_display": "100", "missing_lines": 0, "excluded_lines": 0}, "missing_lines": [], "excluded_lines": []}}}}, "totals": {"covered_lines": 5636, "num_statements": 11717, "percent_covered": 48.10104975676368, "percent_covered_display": "48", "missing_lines": 6081, "excluded_lines": 14}}